2024-10-16 06:56:35,165 load dataset ...
2024-10-16 07:01:21,967 initalize model ...
2024-10-16 07:01:22,004 start training ...
2024-10-16 07:03:40,517 epoch:0, loss:0.015061767974890075
2024-10-16 07:03:40,517 ------------ validation ------------
2024-10-16 07:04:56,259 epoch:0
2024-10-16 07:04:56,260 chamfer:0.0645362661089166
2024-10-16 07:04:56,260 assd:0.392121126302906
2024-10-16 07:04:56,260 hd:0.7741520879790187
2024-10-16 07:04:56,260 -------------------------------------
2024-10-16 07:07:14,021 epoch:1, loss:0.010840663009561425
2024-10-16 07:09:31,896 epoch:2, loss:0.009289493717978773
2024-10-16 07:11:49,884 epoch:3, loss:0.008443960638413595
2024-10-16 07:14:07,989 epoch:4, loss:0.007900858243797408
2024-10-16 07:16:26,154 epoch:5, loss:0.0075207328434687025
2024-10-16 07:18:44,343 epoch:6, loss:0.007279567527422291
2024-10-16 07:21:02,509 epoch:7, loss:0.0070355081846829245
2024-10-16 07:23:20,665 epoch:8, loss:0.006835724308350405
2024-10-16 07:25:38,951 epoch:9, loss:0.006776363938115537
2024-10-16 07:27:57,219 epoch:10, loss:0.0065745721411414795
2024-10-16 07:27:57,219 ------------ validation ------------
2024-10-16 07:29:13,558 epoch:10
2024-10-16 07:29:13,558 chamfer:0.03489656717192702
2024-10-16 07:29:13,558 assd:0.2780251338360055
2024-10-16 07:29:13,558 hd:0.5205516053441291
2024-10-16 07:29:13,558 -------------------------------------
2024-10-16 07:31:31,690 epoch:11, loss:0.006426102384318446
2024-10-16 07:33:49,868 epoch:12, loss:0.006301621947069328
2024-10-16 07:36:08,024 epoch:13, loss:0.006206136284840055
2024-10-16 07:38:26,136 epoch:14, loss:0.0061012502153252445
2024-10-16 07:40:44,186 epoch:15, loss:0.005982292795737902
2024-10-16 07:43:02,229 epoch:16, loss:0.005944120743701798
2024-10-16 07:45:20,277 epoch:17, loss:0.005833186636960437
2024-10-16 07:47:38,340 epoch:18, loss:0.005734808550779383
2024-10-16 07:49:56,418 epoch:19, loss:0.005706097307983179
2024-10-16 07:52:14,416 epoch:20, loss:0.005581440294410513
2024-10-16 07:52:14,416 ------------ validation ------------
2024-10-16 07:53:30,651 epoch:20
2024-10-16 07:53:30,652 chamfer:0.031810593062194435
2024-10-16 07:53:30,652 assd:0.2672926714391603
2024-10-16 07:53:30,652 hd:0.4904685871830831
2024-10-16 07:53:30,652 -------------------------------------
2024-10-16 07:55:48,801 epoch:21, loss:0.005573903980697397
2024-10-16 07:58:06,803 epoch:22, loss:0.005543846122617292
2024-10-16 08:00:24,830 epoch:23, loss:0.005478935521962338
2024-10-16 08:02:42,871 epoch:24, loss:0.005373090596295633
2024-10-16 08:05:00,895 epoch:25, loss:0.005307058313709878
2024-10-16 08:07:19,065 epoch:26, loss:0.005271322937238268
2024-10-16 08:09:37,258 epoch:27, loss:0.005244466357019751
2024-10-16 08:11:55,498 epoch:28, loss:0.0051730203842960815
2024-10-16 08:14:13,795 epoch:29, loss:0.00510455921040523
2024-10-16 08:16:31,977 epoch:30, loss:0.005147564157892322
2024-10-16 08:16:31,978 ------------ validation ------------
2024-10-16 08:17:49,775 epoch:30
2024-10-16 08:17:49,776 chamfer:0.027784504103086267
2024-10-16 08:17:49,776 assd:0.2498740199371241
2024-10-16 08:17:49,776 hd:0.45917576547556865
2024-10-16 08:17:49,776 -------------------------------------
2024-10-16 08:20:08,360 epoch:31, loss:0.005069448873211175
2024-10-16 08:22:26,708 epoch:32, loss:0.0050240553256265036
2024-10-16 08:24:45,161 epoch:33, loss:0.005042511814809946
2024-10-16 08:27:03,485 epoch:34, loss:0.004981676919309986
2024-10-16 08:29:21,715 epoch:35, loss:0.004931933942337542
2024-10-16 08:31:39,950 epoch:36, loss:0.00488804426412423
2024-10-16 08:33:58,401 epoch:37, loss:0.004853443948546598
2024-10-16 08:36:16,881 epoch:38, loss:0.004865100444835979
2024-10-16 08:38:35,347 epoch:39, loss:0.00478845703223352
2024-10-16 08:40:53,897 epoch:40, loss:0.0048059441229101095
2024-10-16 08:40:53,898 ------------ validation ------------
2024-10-16 08:42:12,120 epoch:40
2024-10-16 08:42:12,121 chamfer:0.026718116070393687
2024-10-16 08:42:12,121 assd:0.2462010396508655
2024-10-16 08:42:12,121 hd:0.450672361572894
2024-10-16 08:42:12,121 -------------------------------------
2024-10-16 08:44:30,703 epoch:41, loss:0.004786074852576306
2024-10-16 08:46:49,247 epoch:42, loss:0.004749610095533954
2024-10-16 08:49:07,701 epoch:43, loss:0.0047135686273090975
2024-10-16 08:51:26,225 epoch:44, loss:0.0047323848141173205
2024-10-16 08:53:44,816 epoch:45, loss:0.004647195988962817
2024-10-16 08:56:03,387 epoch:46, loss:0.004671385653214096
2024-10-16 08:58:22,052 epoch:47, loss:0.004605143406119761
2024-10-16 09:00:40,715 epoch:48, loss:0.004594810872181687
2024-10-16 09:02:59,338 epoch:49, loss:0.004552890751023539
2024-10-16 09:05:18,068 epoch:50, loss:0.004549579443085159
2024-10-16 09:05:18,069 ------------ validation ------------
2024-10-16 09:06:36,803 epoch:50
2024-10-16 09:06:36,804 chamfer:0.025174257605916257
2024-10-16 09:06:36,804 assd:0.23734227361273952
2024-10-16 09:06:36,804 hd:0.4314714009524323
2024-10-16 09:06:36,804 -------------------------------------
2024-10-16 09:08:55,657 epoch:51, loss:0.004510758257860881
2024-10-16 09:11:14,352 epoch:52, loss:0.004486692835831321
2024-10-16 09:13:33,065 epoch:53, loss:0.004501696979913991
2024-10-16 09:15:51,835 epoch:54, loss:0.004450497507161006
2024-10-16 09:18:10,495 epoch:55, loss:0.004430556080986334
2024-10-16 09:20:29,223 epoch:56, loss:0.0044177741795063535
2024-10-16 09:22:48,149 epoch:57, loss:0.0044039735566488965
2024-10-16 09:25:07,147 epoch:58, loss:0.004359691887741995
2024-10-16 09:27:25,997 epoch:59, loss:0.004344111784269253
2024-10-16 09:29:44,898 epoch:60, loss:0.0043407522221799765
2024-10-16 09:29:44,899 ------------ validation ------------
2024-10-16 09:31:03,767 epoch:60
2024-10-16 09:31:03,768 chamfer:0.024137117748068704
2024-10-16 09:31:03,768 assd:0.23345546918183877
2024-10-16 09:31:03,768 hd:0.42119226418435574
2024-10-16 09:31:03,768 -------------------------------------
2024-10-16 09:33:22,927 epoch:61, loss:0.0043345933183107175
2024-10-16 09:35:41,692 epoch:62, loss:0.004322550916058813
2024-10-16 09:38:00,398 epoch:63, loss:0.004279099686374498
2024-10-16 09:40:19,114 epoch:64, loss:0.004284235226466905
2024-10-16 09:42:37,895 epoch:65, loss:0.004239015158693587
2024-10-16 09:44:56,645 epoch:66, loss:0.004246640677677554
2024-10-16 09:47:15,360 epoch:67, loss:0.0042243277143719496
2024-10-16 09:49:34,075 epoch:68, loss:0.004213702475765807
2024-10-16 09:51:52,847 epoch:69, loss:0.0041990151688413215
2024-10-16 09:54:11,571 epoch:70, loss:0.00418714014407204
2024-10-16 09:54:11,642 ------------ validation ------------
2024-10-16 09:55:29,317 epoch:70
2024-10-16 09:55:29,318 chamfer:0.02451276270676317
2024-10-16 09:55:29,318 assd:0.2370749238859086
2024-10-16 09:55:29,318 hd:0.43157392647117376
2024-10-16 09:55:29,318 -------------------------------------
2024-10-16 09:57:48,006 epoch:71, loss:0.004179693391644071
2024-10-16 10:00:06,738 epoch:72, loss:0.00419488794990642
2024-10-16 10:02:25,467 epoch:73, loss:0.004163300065556541
2024-10-16 10:04:44,227 epoch:74, loss:0.004106204004465538
2024-10-16 10:07:03,086 epoch:75, loss:0.0041312638725706395
2024-10-16 10:09:21,886 epoch:76, loss:0.004105780215468258
2024-10-16 10:11:40,684 epoch:77, loss:0.004074383707754964
2024-10-16 10:13:59,632 epoch:78, loss:0.004081265468875942
2024-10-16 10:16:18,576 epoch:79, loss:0.004042516930196651
2024-10-16 10:18:37,433 epoch:80, loss:0.004072295731951504
2024-10-16 10:18:37,434 ------------ validation ------------
2024-10-16 10:19:55,090 epoch:80
2024-10-16 10:19:55,091 chamfer:0.023977928700939326
2024-10-16 10:19:55,091 assd:0.23409575442201458
2024-10-16 10:19:55,091 hd:0.42010494992913056
2024-10-16 10:19:55,091 -------------------------------------
2024-10-16 10:22:13,777 epoch:81, loss:0.004049356248457158
2024-10-16 10:24:32,593 epoch:82, loss:0.00402637985250696
2024-10-16 10:26:51,404 epoch:83, loss:0.004009261299574444
2024-10-16 10:29:10,315 epoch:84, loss:0.0040375177097387695
2024-10-16 10:31:29,177 epoch:85, loss:0.004012088093711713
2024-10-16 10:33:48,057 epoch:86, loss:0.003974938451794387
2024-10-16 10:36:06,949 epoch:87, loss:0.003992115439126961
2024-10-16 10:38:25,840 epoch:88, loss:0.003960497376812232
2024-10-16 10:40:44,775 epoch:89, loss:0.003970556575696655
2024-10-16 10:43:03,723 epoch:90, loss:0.0039824172739361865
2024-10-16 10:43:03,724 ------------ validation ------------
2024-10-16 10:44:21,419 epoch:90
2024-10-16 10:44:21,420 chamfer:0.023433127845843654
2024-10-16 10:44:21,420 assd:0.23427660683713233
2024-10-16 10:44:21,420 hd:0.4229084598288561
2024-10-16 10:44:21,420 -------------------------------------
2024-10-16 10:46:40,247 epoch:91, loss:0.003918450638424432
2024-10-16 10:48:59,167 epoch:92, loss:0.003923879402992857
2024-10-16 10:51:17,996 epoch:93, loss:0.0038933965288167603
2024-10-16 10:53:36,961 epoch:94, loss:0.003885037177052825
2024-10-16 10:55:55,734 epoch:95, loss:0.003890624146659447
2024-10-16 10:58:14,596 epoch:96, loss:0.0038989159761830556
2024-10-16 11:00:33,515 epoch:97, loss:0.003863456303004695
2024-10-16 11:02:52,423 epoch:98, loss:0.0038677683339703307
2024-10-16 11:05:11,429 epoch:99, loss:0.003865616735162993
2024-10-16 11:07:30,625 epoch:100, loss:0.003894101598213405
2024-10-16 11:07:30,625 ------------ validation ------------
2024-10-16 11:08:48,502 epoch:100
2024-10-16 11:08:48,503 chamfer:0.023110188711446728
2024-10-16 11:08:48,503 assd:0.2311119060323108
2024-10-16 11:08:48,503 hd:0.41403664120783407
2024-10-16 11:08:48,503 -------------------------------------
2024-10-16 11:11:07,986 epoch:101, loss:0.0038578357705900575
2024-10-16 11:13:27,052 epoch:102, loss:0.003832531474303281
2024-10-16 11:15:46,101 epoch:103, loss:0.0038074851205280092
2024-10-16 11:18:05,205 epoch:104, loss:0.0038108110264062794
2024-10-16 11:20:25,077 epoch:105, loss:0.0038125989735288937
2024-10-16 11:22:44,129 epoch:106, loss:0.0038035282544347697
2024-10-16 11:25:03,199 epoch:107, loss:0.003787796866543981
2024-10-16 11:27:22,395 epoch:108, loss:0.0037766665641250914
2024-10-16 11:29:41,632 epoch:109, loss:0.0038085291838966485
2024-10-16 11:32:00,861 epoch:110, loss:0.0038135495276439414
2024-10-16 11:32:00,862 ------------ validation ------------
2024-10-16 11:33:18,727 epoch:110
2024-10-16 11:33:18,728 chamfer:0.022167709213742153
2024-10-16 11:33:18,728 assd:0.2248869393952191
2024-10-16 11:33:18,728 hd:0.40435354167129844
2024-10-16 11:33:18,728 -------------------------------------
2024-10-16 11:35:37,908 epoch:111, loss:0.0037591699673252743
2024-10-16 11:37:57,092 epoch:112, loss:0.003751288650037591
2024-10-16 11:40:16,105 epoch:113, loss:0.0037408174640975547
2024-10-16 11:42:35,075 epoch:114, loss:0.0037434819116538695
2024-10-16 11:44:54,028 epoch:115, loss:0.00373173939933199
2024-10-16 11:47:13,040 epoch:116, loss:0.0037507269975491043
2024-10-16 11:49:32,188 epoch:117, loss:0.003696733171277311
2024-10-16 11:51:51,251 epoch:118, loss:0.003742688424820297
2024-10-16 11:54:10,299 epoch:119, loss:0.003745154616406707
2024-10-16 11:56:29,358 epoch:120, loss:0.0036896755736115453
2024-10-16 11:56:29,358 ------------ validation ------------
2024-10-16 11:57:47,031 epoch:120
2024-10-16 11:57:47,032 chamfer:0.022546792251887382
2024-10-16 11:57:47,033 assd:0.22692687319552837
2024-10-16 11:57:47,033 hd:0.40885044775980833
2024-10-16 11:57:47,033 -------------------------------------
2024-10-16 12:00:06,308 epoch:121, loss:0.0036839405210082267
2024-10-16 12:02:25,273 epoch:122, loss:0.003699658205732703
2024-10-16 12:04:44,267 epoch:123, loss:0.003675816246297557
2024-10-16 12:07:03,407 epoch:124, loss:0.0036652854252552484
2024-10-16 12:09:22,507 epoch:125, loss:0.0036789452857446184
2024-10-16 12:11:41,618 epoch:126, loss:0.0036700605076391162
2024-10-16 12:14:00,789 epoch:127, loss:0.003672136483188762
2024-10-16 12:16:19,921 epoch:128, loss:0.0036564580669767375
2024-10-16 12:18:39,107 epoch:129, loss:0.0036628644528993687
2024-10-16 12:20:58,135 epoch:130, loss:0.003635367924120104
2024-10-16 12:20:58,135 ------------ validation ------------
2024-10-16 12:22:16,039 epoch:130
2024-10-16 12:22:16,040 chamfer:0.02288262768009493
2024-10-16 12:22:16,040 assd:0.2309222521337991
2024-10-16 12:22:16,040 hd:0.41514599094322574
2024-10-16 12:22:16,040 -------------------------------------
2024-10-16 12:24:35,415 epoch:131, loss:0.0036254131294743614
2024-10-16 12:26:54,374 epoch:132, loss:0.003613151817008593
2024-10-16 12:29:13,349 epoch:133, loss:0.003606107286285869
2024-10-16 12:31:32,318 epoch:134, loss:0.0036219638944224477
2024-10-16 12:33:51,335 epoch:135, loss:0.0036002923274239484
2024-10-16 12:36:10,422 epoch:136, loss:0.003601428957217438
2024-10-16 12:38:29,543 epoch:137, loss:0.003586819950426214
2024-10-16 12:40:48,807 epoch:138, loss:0.0035899389152101047
2024-10-16 12:43:08,021 epoch:139, loss:0.003575626534658896
2024-10-16 12:45:26,977 epoch:140, loss:0.0035583203222580946
2024-10-16 12:45:26,977 ------------ validation ------------
2024-10-16 12:46:44,554 epoch:140
2024-10-16 12:46:44,555 chamfer:0.021954896965326043
2024-10-16 12:46:44,555 assd:0.22527286152277762
2024-10-16 12:46:44,555 hd:0.40576383665514487
2024-10-16 12:46:44,555 -------------------------------------
2024-10-16 12:49:04,271 epoch:141, loss:0.0035722925297937596
2024-10-16 12:51:23,370 epoch:142, loss:0.0035866075012627122
2024-10-16 12:53:42,326 epoch:143, loss:0.003558756994099768
2024-10-16 12:56:01,473 epoch:144, loss:0.003554110782123496
2024-10-16 12:58:20,694 epoch:145, loss:0.0035511667408363156
2024-10-16 13:00:39,826 epoch:146, loss:0.0035604926017058884
2024-10-16 13:02:58,716 epoch:147, loss:0.003542230370438246
2024-10-16 13:05:17,597 epoch:148, loss:0.0035166795653843344
2024-10-16 13:07:36,552 epoch:149, loss:0.0035405146150286632
2024-10-16 13:09:55,584 epoch:150, loss:0.0034987222190762243
2024-10-16 13:09:55,584 ------------ validation ------------
2024-10-16 13:11:13,137 epoch:150
2024-10-16 13:11:13,138 chamfer:0.022085033492658113
2024-10-16 13:11:13,138 assd:0.22467453939801393
2024-10-16 13:11:13,138 hd:0.4017629864392802
2024-10-16 13:11:13,138 -------------------------------------
2024-10-16 13:13:32,095 epoch:151, loss:0.003535558477038691
2024-10-16 13:15:51,119 epoch:152, loss:0.0035426265121502585
2024-10-16 13:18:10,095 epoch:153, loss:0.003505571718262725
2024-10-16 13:20:29,062 epoch:154, loss:0.003506635352265263
2024-10-16 13:22:48,048 epoch:155, loss:0.0034936890906253613
2024-10-16 13:25:06,973 epoch:156, loss:0.0035207793949074435
2024-10-16 13:27:26,013 epoch:157, loss:0.003481695781797604
2024-10-16 13:29:45,357 epoch:158, loss:0.0034849245553338075
2024-10-16 13:32:04,563 epoch:159, loss:0.003488661625915272
2024-10-16 13:34:23,564 epoch:160, loss:0.0034752793252728013
2024-10-16 13:34:23,702 ------------ validation ------------
2024-10-16 13:35:41,217 epoch:160
2024-10-16 13:35:41,223 chamfer:0.02189387411514569
2024-10-16 13:35:41,223 assd:0.22522451326949522
2024-10-16 13:35:41,224 hd:0.40445072372676805
2024-10-16 13:35:41,224 -------------------------------------
2024-10-16 13:38:00,968 epoch:161, loss:0.0034964610504387163
2024-10-16 13:40:20,205 epoch:162, loss:0.003469227751592434
2024-10-16 13:42:39,469 epoch:163, loss:0.0034610927084644952
2024-10-16 13:44:58,634 epoch:164, loss:0.003452614194112505
2024-10-16 13:47:17,733 epoch:165, loss:0.0034418789788993984
2024-10-16 13:49:36,994 epoch:166, loss:0.0034292661666133722
2024-10-16 13:51:56,103 epoch:167, loss:0.003461223465883238
2024-10-16 13:54:15,019 epoch:168, loss:0.003431177422604632
2024-10-16 13:56:33,964 epoch:169, loss:0.0034355068651060468
2024-10-16 13:58:52,888 epoch:170, loss:0.003426163150728572
2024-10-16 13:58:52,891 ------------ validation ------------
2024-10-16 14:00:10,390 epoch:170
2024-10-16 14:00:10,393 chamfer:0.021854965249682817
2024-10-16 14:00:10,393 assd:0.22551784956400903
2024-10-16 14:00:10,393 hd:0.4053589189425111
2024-10-16 14:00:10,393 -------------------------------------
2024-10-16 14:02:29,561 epoch:171, loss:0.0034199481671621894
2024-10-16 14:04:48,910 epoch:172, loss:0.0034230663657708223
2024-10-16 14:07:07,928 epoch:173, loss:0.003408761295018891
2024-10-16 14:09:26,937 epoch:174, loss:0.00341100204968825
2024-10-16 14:11:46,144 epoch:175, loss:0.0033917053139681905
2024-10-16 14:14:05,280 epoch:176, loss:0.0034157234064010945
2024-10-16 14:16:24,240 epoch:177, loss:0.0033866426762637443
2024-10-16 14:18:43,162 epoch:178, loss:0.003405296104299554
2024-10-16 14:21:02,034 epoch:179, loss:0.0033907281562447723
2024-10-16 14:23:20,937 epoch:180, loss:0.003392817743588239
2024-10-16 14:23:20,939 ------------ validation ------------
2024-10-16 14:24:38,437 epoch:180
2024-10-16 14:24:38,438 chamfer:0.021554931928828108
2024-10-16 14:24:38,439 assd:0.22304490885289852
2024-10-16 14:24:38,439 hd:0.39986713624481734
2024-10-16 14:24:38,439 -------------------------------------
2024-10-16 14:26:58,007 epoch:181, loss:0.003414478210521169
2024-10-16 14:29:17,077 epoch:182, loss:0.0034380492254777618
2024-10-16 14:31:36,031 epoch:183, loss:0.0033736188183971787
2024-10-16 14:33:54,973 epoch:184, loss:0.0033731608574419434
2024-10-16 14:36:13,986 epoch:185, loss:0.0034185338042524837
2024-10-16 14:38:32,991 epoch:186, loss:0.003359612768521359
2024-10-16 14:40:51,928 epoch:187, loss:0.0033777105035855933
2024-10-16 14:43:10,994 epoch:188, loss:0.003349530229041743
2024-10-16 14:45:30,203 epoch:189, loss:0.0033625116305111714
2024-10-16 14:47:49,462 epoch:190, loss:0.003347795328049552
2024-10-16 14:47:49,465 ------------ validation ------------
2024-10-16 14:49:07,252 epoch:190
2024-10-16 14:49:07,253 chamfer:0.021681014231944573
2024-10-16 14:49:07,253 assd:0.2245218723449701
2024-10-16 14:49:07,254 hd:0.40370351877451566
2024-10-16 14:49:07,254 -------------------------------------
2024-10-16 14:51:26,369 epoch:191, loss:0.003346760126458871
2024-10-16 14:53:45,648 epoch:192, loss:0.003334474783027978
2024-10-16 14:56:04,894 epoch:193, loss:0.0033443593887103247
2024-10-16 14:58:23,909 epoch:194, loss:0.003338771074912836
2024-10-16 15:00:43,021 epoch:195, loss:0.0034144767140428167
2024-10-16 15:03:02,055 epoch:196, loss:0.003313305841888799
2024-10-16 15:05:21,104 epoch:197, loss:0.003357941373440892
2024-10-16 15:07:40,145 epoch:198, loss:0.003333961751534019
2024-10-16 15:09:59,300 epoch:199, loss:0.0033478408606538853
2024-10-16 15:12:18,325 epoch:200, loss:0.003307869265987646
2024-10-16 15:12:18,326 ------------ validation ------------
2024-10-16 15:13:36,003 epoch:200
2024-10-16 15:13:36,004 chamfer:0.02140766135501811
2024-10-16 15:13:36,004 assd:0.2224548803496873
2024-10-16 15:13:36,004 hd:0.3999031745479442
2024-10-16 15:13:36,004 -------------------------------------
2024-10-16 22:25:11,355 load dataset ...
2024-10-16 22:28:14,495 initalize model ...
2024-10-16 22:28:14,502 start training ...
2024-10-16 22:31:11,705 epoch:0, loss:0.01398476381342165
2024-10-16 22:31:11,707 ------------ validation ------------
2024-10-16 22:32:28,317 epoch:0
2024-10-16 22:32:28,318 chamfer:0.06102380105706592
2024-10-16 22:32:28,318 assd:0.37794480861824314
2024-10-16 22:32:28,318 hd:0.739796026997889
2024-10-16 22:32:28,318 -------------------------------------
2024-10-16 22:35:25,150 epoch:1, loss:0.010238484400974284
2024-10-16 22:38:21,975 epoch:2, loss:0.008842081833240945
2024-10-16 22:41:18,761 epoch:3, loss:0.008027156879908817
2024-10-16 22:44:15,806 epoch:4, loss:0.007532220655987256
2024-10-16 22:47:12,943 epoch:5, loss:0.00725328708121683
2024-10-16 22:50:10,047 epoch:6, loss:0.006965864658204102
2024-10-16 22:53:07,132 epoch:7, loss:0.006816557394665515
2024-10-16 22:56:04,217 epoch:8, loss:0.006689480359687708
2024-10-16 22:59:01,245 epoch:9, loss:0.006514036730148418
2024-10-16 23:01:58,249 epoch:10, loss:0.006430807267586419
2024-10-16 23:01:58,249 ------------ validation ------------
2024-10-16 23:03:14,819 epoch:10
2024-10-16 23:03:14,819 chamfer:0.03471104393308148
2024-10-16 23:03:14,819 assd:0.2819647896103561
2024-10-16 23:03:14,819 hd:0.5285347268606225
2024-10-16 23:03:14,819 -------------------------------------
2024-10-16 23:06:12,723 epoch:11, loss:0.006295574093941426
2024-10-16 23:09:09,857 epoch:12, loss:0.0062257331947601115
2024-10-16 23:12:07,113 epoch:13, loss:0.006119735800217144
2024-10-16 23:15:04,242 epoch:14, loss:0.006008327248246344
2024-10-16 23:18:01,399 epoch:15, loss:0.005956184456049097
2024-10-16 23:20:58,450 epoch:16, loss:0.00584881208420103
2024-10-16 23:23:55,700 epoch:17, loss:0.005811309337691772
2024-10-16 23:26:52,884 epoch:18, loss:0.005793945614768322
2024-10-16 23:29:50,126 epoch:19, loss:0.005697029707736747
2024-10-16 23:32:47,396 epoch:20, loss:0.005636972908558714
2024-10-16 23:32:47,396 ------------ validation ------------
2024-10-16 23:34:04,161 epoch:20
2024-10-16 23:34:04,161 chamfer:0.030273867385706883
2024-10-16 23:34:04,162 assd:0.2637277260267486
2024-10-16 23:34:04,162 hd:0.4862506689581399
2024-10-16 23:34:04,162 -------------------------------------
2024-10-16 23:37:01,994 epoch:21, loss:0.00559520254826693
2024-10-16 23:39:59,179 epoch:22, loss:0.005520366134289869
2024-10-16 23:42:56,309 epoch:23, loss:0.005459970012875707
2024-10-16 23:45:53,556 epoch:24, loss:0.005439784801510964
2024-10-16 23:48:50,710 epoch:25, loss:0.00541391896238269
2024-10-16 23:51:47,885 epoch:26, loss:0.005369839035813848
2024-10-16 23:54:45,113 epoch:27, loss:0.005317561442795924
2024-10-16 23:57:42,264 epoch:28, loss:0.00530759215985728
2024-10-17 00:00:39,403 epoch:29, loss:0.005240487160843386
2024-10-17 00:03:36,492 epoch:30, loss:0.005224019771598843
2024-10-17 00:03:36,493 ------------ validation ------------
2024-10-17 00:04:52,966 epoch:30
2024-10-17 00:04:52,966 chamfer:0.027853858947916404
2024-10-17 00:04:52,966 assd:0.2541383992744765
2024-10-17 00:04:52,966 hd:0.468060053147686
2024-10-17 00:04:52,966 -------------------------------------
2024-10-17 00:07:50,341 epoch:31, loss:0.005151896049176494
2024-10-17 00:10:47,280 epoch:32, loss:0.005126435472088498
2024-10-17 00:13:44,268 epoch:33, loss:0.005100149433209755
2024-10-17 00:16:41,375 epoch:34, loss:0.005039209480327013
2024-10-17 00:19:38,448 epoch:35, loss:0.00502195690357841
2024-10-17 00:22:35,558 epoch:36, loss:0.005022697210945406
2024-10-17 00:25:32,890 epoch:37, loss:0.004996057086743328
2024-10-17 00:28:30,189 epoch:38, loss:0.0049501033398311935
2024-10-17 00:31:27,357 epoch:39, loss:0.004910551034574678
2024-10-17 00:34:24,684 epoch:40, loss:0.004874293863648809
2024-10-17 00:34:24,684 ------------ validation ------------
2024-10-17 00:35:42,362 epoch:40
2024-10-17 00:35:42,364 chamfer:0.02883787389388696
2024-10-17 00:35:42,364 assd:0.25814879142368835
2024-10-17 00:35:42,364 hd:0.47156303480733186
2024-10-17 00:35:42,364 -------------------------------------
2024-10-17 00:38:54,372 load dataset ...
2024-10-17 00:42:11,588 initalize model ...
2024-10-17 00:42:11,625 start training ...
2024-10-17 00:43:55,886 load dataset ...
2024-10-17 00:47:04,227 initalize model ...
2024-10-17 00:47:19,856 load dataset ...
2024-10-17 00:48:39,822 load dataset ...
2024-10-17 00:52:04,106 initalize model ...
2024-10-17 00:52:04,136 start training ...
2024-10-17 00:52:56,511 load dataset ...
2024-10-17 00:56:10,124 initalize model ...
2024-10-17 00:56:10,288 start training ...
2024-10-17 01:01:24,803 load dataset ...
2024-10-17 01:04:44,137 initalize model ...
2024-10-17 01:04:44,289 start training ...
2024-10-17 01:07:02,557 load dataset ...
2024-10-17 01:08:16,599 load dataset ...
2024-10-17 01:11:12,685 initalize model ...
2024-10-17 01:11:12,930 start training ...
2024-10-17 01:11:37,385 load dataset ...
2024-10-17 01:14:38,995 initalize model ...
2024-10-17 01:14:39,244 start training ...
2024-10-17 01:16:58,707 epoch:0, loss:0.7765415324937812
2024-10-17 01:16:58,708 ------------ validation ------------
2024-10-17 01:18:15,137 epoch:0
2024-10-17 01:18:15,138 chamfer:0.17026058412739076
2024-10-17 01:18:15,138 assd:0.6483555984838555
2024-10-17 01:18:15,138 hd:1.3681746359604101
2024-10-17 01:18:15,138 -------------------------------------
2024-10-17 01:20:34,479 epoch:1, loss:0.06094563029013401
2024-10-17 01:22:53,321 epoch:2, loss:0.03815350389151379
2024-10-17 01:25:12,203 epoch:3, loss:0.026417833585075514
2024-10-17 01:27:31,251 epoch:4, loss:0.02040355685058721
2024-10-17 01:31:01,464 load dataset ...
2024-10-17 01:34:30,293 initalize model ...
2024-10-17 01:34:30,444 start training ...
2024-10-17 01:34:57,627 load dataset ...
2024-10-17 01:38:12,918 initalize model ...
2024-10-17 01:38:13,063 start training ...
2024-10-17 01:40:32,987 epoch:0, loss:0.8943244983783252
2024-10-17 01:40:32,987 ------------ validation ------------
2024-10-17 01:41:49,746 epoch:0
2024-10-17 01:41:49,747 chamfer:0.07850613239194597
2024-10-17 01:41:49,748 assd:0.4032176436642961
2024-10-17 01:41:49,748 hd:0.7989448320586234
2024-10-17 01:41:49,748 -------------------------------------
2024-10-17 01:44:09,653 epoch:1, loss:0.01394577317080612
2024-10-17 01:46:28,784 epoch:2, loss:0.012139114922150796
2024-10-17 01:48:47,787 epoch:3, loss:0.011352583370712955
2024-10-17 01:51:06,765 epoch:4, loss:0.011055670715164567
2024-10-17 01:53:25,575 epoch:5, loss:0.01089442101020236
2024-10-17 01:55:44,620 epoch:6, loss:0.010750499169537148
2024-10-17 01:58:03,716 epoch:7, loss:0.010527713788770746
2024-10-17 02:00:22,842 epoch:8, loss:0.01109164877291119
2024-10-17 02:02:41,926 epoch:9, loss:0.011856515431603374
2024-10-17 02:07:06,717 load dataset ...
2024-10-17 02:10:41,564 initalize model ...
2024-10-17 02:10:41,655 start training ...
2024-10-17 02:13:00,096 epoch:0, loss:0.015052486481794785
2024-10-17 02:13:00,099 ------------ validation ------------
2024-10-17 02:14:16,308 epoch:0
2024-10-17 02:14:16,308 chamfer:0.06323942625385826
2024-10-17 02:14:16,308 assd:0.377535030808455
2024-10-17 02:14:16,308 hd:0.7463893280752624
2024-10-17 02:14:16,308 -------------------------------------
2024-10-17 02:16:34,755 epoch:1, loss:0.010918318683844666
2024-10-17 02:18:53,014 epoch:2, loss:0.009695966556115985
2024-10-17 02:21:11,371 epoch:3, loss:0.008857926007273585
2024-10-17 02:23:29,754 epoch:4, loss:0.008221064943300431
2024-10-17 02:25:48,223 epoch:5, loss:0.007836918743208137
2024-10-17 02:28:06,717 epoch:6, loss:0.007560976370790063
2024-10-17 02:30:25,270 epoch:7, loss:0.007185322002421112
2024-10-17 02:32:43,808 epoch:8, loss:0.006967801790207971
2024-10-17 02:35:02,358 epoch:9, loss:0.006816021754233123
2024-10-17 02:37:20,891 epoch:10, loss:0.00670191758247309
2024-10-17 02:37:20,891 ------------ validation ------------
2024-10-17 02:38:38,161 epoch:10
2024-10-17 02:38:38,161 chamfer:0.03685530816710525
2024-10-17 02:38:38,161 assd:0.2886077643779572
2024-10-17 02:38:38,161 hd:0.5412601962840805
2024-10-17 02:38:38,161 -------------------------------------
2024-10-17 02:40:57,009 epoch:11, loss:0.0065792581746029815
2024-10-17 02:43:15,529 epoch:12, loss:0.006443241754611737
2024-10-17 02:45:34,123 epoch:13, loss:0.006373581863658199
2024-10-17 02:47:52,771 epoch:14, loss:0.0062340738503587284
2024-10-17 02:50:11,303 epoch:15, loss:0.00615472221871578
2024-10-17 02:52:29,904 epoch:16, loss:0.00608178413321459
2024-10-17 02:54:48,506 epoch:17, loss:0.00600604917637484
2024-10-17 02:57:07,105 epoch:18, loss:0.005932218613113861
2024-10-17 02:59:25,682 epoch:19, loss:0.0058670480326792705
2024-10-17 03:01:44,242 epoch:20, loss:0.0057891776560545834
2024-10-17 03:01:44,244 ------------ validation ------------
2024-10-17 03:03:01,341 epoch:20
2024-10-17 03:03:01,342 chamfer:0.03133576391671037
2024-10-17 03:03:01,342 assd:0.26548348663103144
2024-10-17 03:03:01,342 hd:0.4889779132402812
2024-10-17 03:03:01,342 -------------------------------------
2024-10-17 03:05:20,241 epoch:21, loss:0.005741850348449377
2024-10-17 03:07:38,720 epoch:22, loss:0.005648310179145313
2024-10-17 03:09:57,213 epoch:23, loss:0.005692293424819877
2024-10-17 03:12:15,693 epoch:24, loss:0.005626026608677971
2024-10-17 03:14:34,164 epoch:25, loss:0.005482779561980563
2024-10-17 03:16:52,651 epoch:26, loss:0.005489401628268709
2024-10-17 03:19:11,134 epoch:27, loss:0.0054124566465128905
2024-10-17 03:21:29,603 epoch:28, loss:0.005357693498385637
2024-10-17 03:23:48,062 epoch:29, loss:0.005293243938954114
2024-10-17 03:26:06,541 epoch:30, loss:0.005294234097290914
2024-10-17 03:26:06,542 ------------ validation ------------
2024-10-17 03:27:24,224 epoch:30
2024-10-17 03:27:24,225 chamfer:0.030806174663666752
2024-10-17 03:27:24,225 assd:0.265725689920752
2024-10-17 03:27:24,225 hd:0.49294423370156437
2024-10-17 03:27:24,225 -------------------------------------
2024-10-17 03:29:43,169 epoch:31, loss:0.005237420815108127
2024-10-17 03:32:01,621 epoch:32, loss:0.005179387550438256
2024-10-17 03:34:20,132 epoch:33, loss:0.005141988575328575
2024-10-17 03:36:38,661 epoch:34, loss:0.005068121722975182
2024-10-17 03:38:57,080 epoch:35, loss:0.005047189628131428
2024-10-17 03:41:15,514 epoch:36, loss:0.005020281500291339
2024-10-17 03:43:33,959 epoch:37, loss:0.005019516199502314
2024-10-17 03:45:52,436 epoch:38, loss:0.004966255335602909
2024-10-17 03:48:10,950 epoch:39, loss:0.004891278281087749
2024-10-17 03:50:29,462 epoch:40, loss:0.004906309056528952
2024-10-17 03:50:29,467 ------------ validation ------------
2024-10-17 03:51:45,569 epoch:40
2024-10-17 03:51:45,570 chamfer:0.026683311868206754
2024-10-17 03:51:45,570 assd:0.24613406785647385
2024-10-17 03:51:45,570 hd:0.4502557130763307
2024-10-17 03:51:45,570 -------------------------------------
2024-10-17 03:54:04,453 epoch:41, loss:0.0048602866888761
2024-10-17 03:56:23,019 epoch:42, loss:0.00484162611212733
2024-10-17 03:58:41,674 epoch:43, loss:0.004817359986021941
2024-10-17 04:01:00,205 epoch:44, loss:0.004786390153999808
2024-10-17 04:03:18,719 epoch:45, loss:0.004787067468494697
2024-10-17 04:05:37,383 epoch:46, loss:0.004709134097644236
2024-10-17 04:07:56,106 epoch:47, loss:0.004713006797490295
2024-10-17 04:10:14,791 epoch:48, loss:0.004690829383582959
2024-10-17 04:12:33,564 epoch:49, loss:0.004655715763747562
2024-10-17 04:14:52,251 epoch:50, loss:0.004650098525480432
2024-10-17 04:14:52,252 ------------ validation ------------
2024-10-17 04:16:08,517 epoch:50
2024-10-17 04:16:08,518 chamfer:0.025607990134327945
2024-10-17 04:16:08,518 assd:0.24047532084902437
2024-10-17 04:16:08,518 hd:0.43675568886101246
2024-10-17 04:16:08,518 -------------------------------------
2024-10-17 04:18:27,659 epoch:51, loss:0.004601335821694932
2024-10-17 04:20:46,409 epoch:52, loss:0.00458513229183831
2024-10-17 04:23:05,232 epoch:53, loss:0.004535572719760239
2024-10-17 04:55:46,958 load dataset ...
2024-10-17 04:59:20,487 initalize model ...
2024-10-17 04:59:20,527 start training ...
2024-10-17 05:01:37,945 epoch:0, loss:0.016096977841888748
2024-10-17 05:01:37,946 ------------ validation ------------
2024-10-17 05:02:53,814 epoch:0
2024-10-17 05:02:53,815 chamfer:0.0681171676054267
2024-10-17 05:02:53,815 assd:0.3924715480631373
2024-10-17 05:02:53,815 hd:0.7777109635450566
2024-10-17 05:02:53,815 -------------------------------------
2024-10-17 05:05:10,909 epoch:1, loss:0.011183236223418092
2024-10-17 05:07:27,927 epoch:2, loss:0.00952990213544433
2024-10-17 05:09:44,945 epoch:3, loss:0.008459773484541666
2024-10-17 05:12:02,170 epoch:4, loss:0.007931746619612759
2024-10-17 05:14:19,447 epoch:5, loss:0.007574997215564255
2024-10-17 05:16:36,755 epoch:6, loss:0.00721735485455801
2024-10-17 05:18:54,220 epoch:7, loss:0.0069972212902855045
2024-10-17 05:21:11,645 epoch:8, loss:0.006835112708274188
2024-10-17 05:23:29,043 epoch:9, loss:0.0067614933427120015
2024-10-17 05:25:46,480 epoch:10, loss:0.006513308881251358
2024-10-17 05:25:46,481 ------------ validation ------------
2024-10-17 05:27:03,750 epoch:10
2024-10-17 05:27:03,750 chamfer:0.03461628254323538
2024-10-17 05:27:03,750 assd:0.278243662614841
2024-10-17 05:27:03,750 hd:0.5181353092969706
2024-10-17 05:27:03,750 -------------------------------------
2024-10-17 05:29:21,461 epoch:11, loss:0.00644447481351753
2024-10-17 05:31:38,942 epoch:12, loss:0.006346103746097448
2024-10-17 05:33:56,472 epoch:13, loss:0.006250860747545524
2024-10-17 05:36:14,110 epoch:14, loss:0.006176917980219302
2024-10-17 05:38:31,679 epoch:15, loss:0.006081621739255308
2024-10-17 05:40:49,294 epoch:16, loss:0.006034329377905314
2024-10-17 05:43:07,039 epoch:17, loss:0.005972805454633957
2024-10-17 05:45:24,653 epoch:18, loss:0.005868500734809353
2024-10-17 05:47:42,563 epoch:19, loss:0.005831551017932767
2024-10-17 05:50:00,369 epoch:20, loss:0.005764941404692742
2024-10-17 05:50:00,369 ------------ validation ------------
2024-10-17 05:51:17,938 epoch:20
2024-10-17 05:51:17,938 chamfer:0.03071079705326459
2024-10-17 05:51:17,938 assd:0.26340944241383113
2024-10-17 05:51:17,939 hd:0.48443754979719716
2024-10-17 05:51:17,939 -------------------------------------
2024-10-17 05:53:35,937 epoch:21, loss:0.005728114357077365
2024-10-17 05:55:53,641 epoch:22, loss:0.005640903272568573
2024-10-17 05:58:11,305 epoch:23, loss:0.005597304172413207
2024-10-17 06:00:29,000 epoch:24, loss:0.0055884616530695284
2024-10-17 06:02:46,745 epoch:25, loss:0.005502756711415036
2024-10-17 06:05:04,440 epoch:26, loss:0.005475169772601708
2024-10-17 06:07:22,111 epoch:27, loss:0.005439736601506728
2024-10-17 06:09:39,822 epoch:28, loss:0.005371746945541439
2024-10-17 06:11:57,513 epoch:29, loss:0.005345192578821551
2024-10-17 06:14:15,190 epoch:30, loss:0.005309899004587774
2024-10-17 06:14:15,190 ------------ validation ------------
2024-10-17 06:15:32,513 epoch:30
2024-10-17 06:15:32,515 chamfer:0.029094087873697088
2024-10-17 06:15:32,515 assd:0.2576004716199047
2024-10-17 06:15:32,515 hd:0.47375815144429606
2024-10-17 06:15:32,515 -------------------------------------
2024-10-17 06:17:50,281 epoch:31, loss:0.00528817745819038
2024-10-17 06:20:08,104 epoch:32, loss:0.00528060621040505
2024-10-17 06:22:25,954 epoch:33, loss:0.005256238471998205
2024-10-17 06:24:43,776 epoch:34, loss:0.005174984689801931
2024-10-17 06:27:01,616 epoch:35, loss:0.005184029168747149
2024-10-17 06:29:19,423 epoch:36, loss:0.005136464446306575
2024-10-17 06:31:37,129 epoch:37, loss:0.005127667410835234
2024-10-17 08:10:41,612 load dataset ...
2024-10-17 08:14:06,554 initalize model ...
2024-10-17 08:14:06,608 start training ...
2024-10-17 08:14:57,890 epoch:0, loss:0.07851332223021187
2024-10-17 08:14:57,891 ------------ validation ------------
2024-10-17 08:16:11,834 epoch:0
2024-10-17 08:16:11,834 chamfer:0.1348479398378307
2024-10-17 08:16:11,835 assd:0.6388519347334901
2024-10-17 08:16:11,835 hd:1.1560388646709423
2024-10-17 08:16:11,835 -------------------------------------
2024-10-17 08:17:01,716 epoch:1, loss:0.017325968987871566
2024-10-17 08:17:52,130 epoch:2, loss:0.012635736858883743
2024-10-17 08:18:43,354 epoch:3, loss:0.011279032460067335
2024-10-17 08:19:33,677 epoch:4, loss:0.010284952422723087
2024-10-17 08:20:23,978 epoch:5, loss:0.009469873239394537
2024-10-17 08:21:15,746 epoch:6, loss:0.009030968918692494
2024-10-17 08:22:06,795 epoch:7, loss:0.00848237340890824
2024-10-17 08:22:58,061 epoch:8, loss:0.008202806632251067
2024-10-17 08:23:48,116 epoch:9, loss:0.00805152808234832
2024-10-17 08:24:38,613 epoch:10, loss:0.007806973082424943
2024-10-17 08:24:38,613 ------------ validation ------------
2024-10-17 08:25:54,015 epoch:10
2024-10-17 08:25:54,016 chamfer:0.044632778174976316
2024-10-17 08:25:54,016 assd:0.3171313985755357
2024-10-17 08:25:54,016 hd:0.6081854536508521
2024-10-17 08:25:54,016 -------------------------------------
2024-10-17 08:26:46,033 epoch:11, loss:0.007589381603729847
2024-10-17 08:27:38,917 epoch:12, loss:0.007361706603470064
2024-10-17 08:28:29,388 epoch:13, loss:0.007341363187067124
2024-10-17 08:29:19,750 epoch:14, loss:0.007095710443451914
2024-10-17 08:30:11,315 epoch:15, loss:0.007034800019450919
2024-10-17 08:31:03,040 epoch:16, loss:0.00696523692377648
2024-10-17 08:31:54,762 epoch:17, loss:0.006762501975889642
2024-10-17 08:32:45,270 epoch:18, loss:0.006754332812243077
2024-10-17 08:33:36,986 epoch:19, loss:0.006822279210440641
2024-10-17 08:34:27,713 epoch:20, loss:0.006553585165949148
2024-10-17 08:34:27,713 ------------ validation ------------
2024-10-17 08:35:43,208 epoch:20
2024-10-17 08:35:43,209 chamfer:0.035669745140391264
2024-10-17 08:35:43,209 assd:0.2819483634084463
2024-10-17 08:35:43,209 hd:0.5267957303052148
2024-10-17 08:35:43,209 -------------------------------------
2024-10-17 08:36:23,630 load dataset ...
2024-10-17 08:40:17,477 initalize model ...
2024-10-17 08:40:17,484 start training ...
2024-10-17 08:41:09,532 load dataset ...
2024-10-17 08:44:28,996 initalize model ...
2024-10-17 08:44:29,008 start training ...
2024-10-17 08:44:47,776 load dataset ...
2024-10-17 08:47:40,042 initalize model ...
2024-10-17 08:47:40,050 start training ...
2024-10-17 08:48:37,537 epoch:0, loss:0.028204339375004692
2024-10-17 08:48:37,537 ------------ validation ------------
2024-10-17 08:49:53,304 epoch:0
2024-10-17 08:49:53,305 chamfer:0.06947910325531363
2024-10-17 08:49:53,305 assd:0.406444199810115
2024-10-17 08:49:53,305 hd:0.7819973863661289
2024-10-17 08:49:53,305 -------------------------------------
2024-10-17 08:50:50,728 epoch:1, loss:0.011826109595943329
2024-10-17 08:51:48,052 epoch:2, loss:0.010054543594082515
2024-10-17 08:52:45,770 epoch:3, loss:0.008961147203673284
2024-10-17 08:53:41,262 epoch:4, loss:0.008266755953691033
2024-10-17 08:54:36,691 epoch:5, loss:0.007900473859356067
2024-10-17 08:55:32,676 epoch:6, loss:0.007598574438435567
2024-10-17 08:56:28,880 epoch:7, loss:0.007345032979745071
2024-10-17 08:57:25,487 epoch:8, loss:0.007172037005359524
2024-10-17 08:58:22,065 epoch:9, loss:0.007000987937803878
2024-10-17 08:59:19,558 epoch:10, loss:0.006852656088466215
2024-10-17 08:59:19,558 ------------ validation ------------
2024-10-17 09:00:36,909 epoch:10
2024-10-17 09:00:36,912 chamfer:0.03681448815010905
2024-10-17 09:00:36,912 assd:0.28510833872132935
2024-10-17 09:00:36,913 hd:0.5361918515215317
2024-10-17 09:00:36,913 -------------------------------------
2024-10-17 09:01:34,608 epoch:11, loss:0.006728195731506445
2024-10-17 09:02:32,022 epoch:12, loss:0.0066255329252588886
2024-10-17 09:03:29,858 epoch:13, loss:0.006505679827844074
2024-10-17 09:04:27,605 epoch:14, loss:0.00637210916651976
2024-10-17 09:05:25,723 epoch:15, loss:0.006324986829747295
2024-10-17 09:06:23,858 epoch:16, loss:0.0062974526460260844
2024-10-17 09:07:22,535 epoch:17, loss:0.006149329810923095
2024-10-17 09:08:20,591 epoch:18, loss:0.006105244546847115
2024-10-17 09:09:17,770 epoch:19, loss:0.0060733127432095625
2024-10-17 09:10:15,400 epoch:20, loss:0.005981665108688609
2024-10-17 09:10:15,400 ------------ validation ------------
2024-10-17 09:11:32,290 epoch:20
2024-10-17 09:11:32,291 chamfer:0.03182701645224976
2024-10-17 09:11:32,291 assd:0.2687764943402726
2024-10-17 09:11:32,291 hd:0.4970574547769502
2024-10-17 09:11:32,291 -------------------------------------
2024-10-17 09:12:30,576 epoch:21, loss:0.005906195987589917
2024-10-17 09:13:28,482 epoch:22, loss:0.0058922425939885595
2024-10-17 09:14:26,357 epoch:23, loss:0.005887680273465162
2024-10-17 09:15:24,376 epoch:24, loss:0.005857096707480852
2024-10-17 09:16:12,655 load dataset ...
2024-10-17 09:19:52,040 initalize model ...
2024-10-17 09:19:52,048 start training ...
2024-10-17 09:20:51,000 epoch:0, loss:0.025418330419830285
2024-10-17 09:20:51,001 ------------ validation ------------
2024-10-17 09:22:06,726 epoch:0
2024-10-17 09:22:06,727 chamfer:0.06405724434443982
2024-10-17 09:22:06,727 assd:0.39193789489218034
2024-10-17 09:22:06,727 hd:0.7545736628041292
2024-10-17 09:22:06,727 -------------------------------------
2024-10-17 09:22:57,295 load dataset ...
2024-10-17 09:26:34,720 initalize model ...
2024-10-17 09:26:34,778 start training ...
2024-10-17 09:27:33,913 epoch:0, loss:0.026308394608434375
2024-10-17 09:27:33,913 ------------ validation ------------
2024-10-17 09:28:49,547 epoch:0
2024-10-17 09:28:49,547 chamfer:0.06104652296320031
2024-10-17 09:28:49,548 assd:0.38975985468520474
2024-10-17 09:28:49,548 hd:0.7479568535927683
2024-10-17 09:28:49,548 -------------------------------------
2024-10-17 09:29:47,449 epoch:1, loss:0.010092120495798109
2024-10-17 09:30:45,139 epoch:2, loss:0.008310235198857912
2024-10-17 09:31:42,732 epoch:3, loss:0.007727318899543566
2024-10-17 09:32:40,503 epoch:4, loss:0.007404703867545915
2024-10-17 09:33:38,409 epoch:5, loss:0.006891285651363432
2024-10-17 09:34:36,375 epoch:6, loss:0.006678659169728932
2024-10-17 09:35:34,011 epoch:7, loss:0.006461721850385846
2024-10-17 09:36:31,842 epoch:8, loss:0.00638169750197639
2024-10-17 09:37:29,607 epoch:9, loss:0.0062376764713959814
2024-10-17 09:38:27,790 epoch:10, loss:0.0061483983543354935
2024-10-17 09:38:27,791 ------------ validation ------------
2024-10-17 09:39:44,842 epoch:10
2024-10-17 09:39:44,843 chamfer:0.033501377401989885
2024-10-17 09:39:44,843 assd:0.2793752847840854
2024-10-17 09:39:44,843 hd:0.521324862105151
2024-10-17 09:39:44,843 -------------------------------------
2024-10-17 09:40:43,005 epoch:11, loss:0.005978676249533025
2024-10-17 09:41:39,909 epoch:12, loss:0.005939530428000834
2024-10-17 09:42:36,786 epoch:13, loss:0.0057814928877633065
2024-10-17 09:43:33,739 epoch:14, loss:0.005706661587938406
2024-10-17 09:44:30,727 epoch:15, loss:0.00559554977997661
2024-10-17 09:45:27,373 epoch:16, loss:0.005527237640033195
2024-10-17 09:46:23,917 epoch:17, loss:0.005468758464747563
2024-10-17 09:47:20,767 epoch:18, loss:0.005421323597506988
2024-10-17 09:48:17,494 epoch:19, loss:0.005273623205856745
2024-10-17 09:49:14,495 epoch:20, loss:0.005313932279065295
2024-10-17 09:49:14,495 ------------ validation ------------
2024-10-17 09:50:31,617 epoch:20
2024-10-17 09:50:31,618 chamfer:0.027943478926317766
2024-10-17 09:50:31,618 assd:0.25346046071111533
2024-10-17 09:50:31,618 hd:0.46095876411224407
2024-10-17 09:50:31,618 -------------------------------------
2024-10-17 09:51:29,068 epoch:21, loss:0.005259119730908424
2024-10-17 09:52:25,734 epoch:22, loss:0.005217466415393404
2024-10-17 09:53:21,328 epoch:23, loss:0.0051346702405067465
2024-10-17 09:54:15,750 epoch:24, loss:0.005146050829776065
2024-10-17 09:55:11,565 epoch:25, loss:0.005078606773167849
2024-10-17 09:56:05,601 epoch:26, loss:0.0049941592645387405
2024-10-17 09:57:01,401 epoch:27, loss:0.005024916140449255
2024-10-17 09:57:56,938 epoch:28, loss:0.004946441717207605
2024-10-17 09:58:52,629 epoch:29, loss:0.005004299204217183
2024-10-17 09:59:48,447 epoch:30, loss:0.00490068552709661
2024-10-17 09:59:48,448 ------------ validation ------------
2024-10-17 10:01:04,883 epoch:30
2024-10-17 10:01:04,884 chamfer:0.026622026704596163
2024-10-17 10:01:04,884 assd:0.24847629271486463
2024-10-17 10:01:04,884 hd:0.444829492092443
2024-10-17 10:01:04,884 -------------------------------------
2024-10-17 10:02:02,506 epoch:31, loss:0.004885314893367332
2024-10-17 10:02:59,782 epoch:32, loss:0.004766289887917336
2024-10-17 10:03:57,174 epoch:33, loss:0.004739359955216737
2024-10-17 10:04:54,129 epoch:34, loss:0.004795389072590529
2024-10-17 10:05:51,259 epoch:35, loss:0.004716705957963673
2024-10-17 10:06:48,128 epoch:36, loss:0.0046903579272492245
2024-10-17 10:07:45,237 epoch:37, loss:0.0046815012268949475
2024-10-17 10:08:42,342 epoch:38, loss:0.004628390012861251
2024-10-17 10:09:39,894 epoch:39, loss:0.004640486496121644
2024-10-17 10:10:37,102 epoch:40, loss:0.0046582575812989975
2024-10-17 10:10:37,102 ------------ validation ------------
2024-10-17 10:11:54,210 epoch:40
2024-10-17 10:11:54,211 chamfer:0.026462027487165567
2024-10-17 10:11:54,211 assd:0.24321797342660526
2024-10-17 10:11:54,211 hd:0.4361987909457336
2024-10-17 10:11:54,211 -------------------------------------
2024-10-17 10:12:52,333 epoch:41, loss:0.004620327732693621
2024-10-17 10:13:49,642 epoch:42, loss:0.004538765250228692
2024-10-17 10:14:47,176 epoch:43, loss:0.004494128622206708
2024-10-17 10:15:44,368 epoch:44, loss:0.004484862151425765
2024-10-17 10:16:41,793 epoch:45, loss:0.004531534692559521
2024-10-17 10:17:38,814 epoch:46, loss:0.004457692630578179
2024-10-17 10:18:36,382 epoch:47, loss:0.004532583369223704
2024-10-17 10:19:33,560 epoch:48, loss:0.004491921529163022
2024-10-17 10:20:30,942 epoch:49, loss:0.004395226644741935
2024-10-17 10:21:28,262 epoch:50, loss:0.004377985319669553
2024-10-17 10:21:28,262 ------------ validation ------------
2024-10-17 10:22:45,307 epoch:50
2024-10-17 10:22:45,309 chamfer:0.02541774199471547
2024-10-17 10:22:45,309 assd:0.24149130258592777
2024-10-17 10:22:45,309 hd:0.43734539940487593
2024-10-17 10:22:45,309 -------------------------------------
2024-10-17 10:23:42,476 epoch:51, loss:0.00432964185385445
2024-10-17 10:24:39,656 epoch:52, loss:0.004389343559904414
2024-10-17 10:25:36,343 epoch:53, loss:0.004371426296339176
2024-10-17 10:26:33,225 epoch:54, loss:0.004444143051270742
2024-10-17 10:27:29,272 epoch:55, loss:0.004315450017307993
2024-10-17 10:28:26,511 epoch:56, loss:0.0043118979902342395
2024-10-17 10:29:23,568 epoch:57, loss:0.004275895936040988
2024-10-17 10:30:21,093 epoch:58, loss:0.004392761182781786
2024-10-17 10:31:18,549 epoch:59, loss:0.004241567614710305
2024-10-17 10:32:15,693 epoch:60, loss:0.004218068070639315
2024-10-17 10:32:15,694 ------------ validation ------------
2024-10-17 10:33:32,956 epoch:60
2024-10-17 10:33:32,957 chamfer:0.027869323768451675
2024-10-17 10:33:32,957 assd:0.25343252370172803
2024-10-17 10:33:32,957 hd:0.46067724567061913
2024-10-17 10:33:32,957 -------------------------------------
2024-10-17 10:34:30,437 epoch:61, loss:0.004279245320588437
2024-10-17 10:35:27,689 epoch:62, loss:0.004217391193378717
2024-10-17 10:36:24,796 epoch:63, loss:0.004213380194160827
2024-10-17 10:37:22,153 epoch:64, loss:0.004230767977153232
2024-10-17 10:38:19,647 epoch:65, loss:0.00418791732531539
2024-10-17 10:39:16,593 epoch:66, loss:0.0042242706126565934
2024-10-17 10:40:13,814 epoch:67, loss:0.004173194620011071
2024-10-17 10:41:11,003 epoch:68, loss:0.004166508171312121
2024-10-17 10:42:08,277 epoch:69, loss:0.004103751895748902
2024-10-17 10:43:05,520 epoch:70, loss:0.00411943378343875
2024-10-17 10:43:05,521 ------------ validation ------------
2024-10-17 10:44:22,699 epoch:70
2024-10-17 10:44:22,700 chamfer:0.026401647346574464
2024-10-17 10:44:22,700 assd:0.24250075948657468
2024-10-17 10:44:22,700 hd:0.4383073139858122
2024-10-17 10:44:22,700 -------------------------------------
2024-10-17 10:45:20,808 epoch:71, loss:0.004128793181396674
2024-10-17 10:46:17,856 epoch:72, loss:0.00415750945577138
2024-10-17 10:47:14,604 epoch:73, loss:0.004135680327403121
2024-10-17 10:48:11,691 epoch:74, loss:0.004060682735736157
2024-10-17 10:49:08,787 epoch:75, loss:0.004078627398188854
2024-10-17 10:50:05,757 epoch:76, loss:0.004065962875841272
2024-10-17 10:51:02,866 epoch:77, loss:0.004079707928657055
2024-10-17 10:51:59,483 epoch:78, loss:0.00404554407645645
2024-10-17 10:52:55,964 epoch:79, loss:0.004040316363856153
2024-10-17 10:53:52,652 epoch:80, loss:0.0040436707380184424
2024-10-17 10:53:52,652 ------------ validation ------------
2024-10-17 10:55:09,938 epoch:80
2024-10-17 10:55:09,939 chamfer:0.024960357374463154
2024-10-17 10:55:09,939 assd:0.24169264264249554
2024-10-17 10:55:09,939 hd:0.43091607415893424
2024-10-17 10:55:09,939 -------------------------------------
2024-10-17 10:56:07,262 epoch:81, loss:0.0040314200795851214
2024-10-17 10:57:03,933 epoch:82, loss:0.003971594750615876
2024-10-17 10:58:01,217 epoch:83, loss:0.004066381050506607
2024-10-17 10:58:58,621 epoch:84, loss:0.0040247788406410365
2024-10-17 10:59:56,210 epoch:85, loss:0.003990291146057939
2024-10-17 11:00:53,533 epoch:86, loss:0.003971056315538928
2024-10-17 11:01:50,780 epoch:87, loss:0.0039624621791136995
2024-10-17 11:02:48,165 epoch:88, loss:0.003934581742383713
2024-10-17 11:03:45,239 epoch:89, loss:0.003990902759670821
2024-10-17 11:04:42,455 epoch:90, loss:0.003958996769100384
2024-10-17 11:04:42,456 ------------ validation ------------
2024-10-17 11:05:59,657 epoch:90
2024-10-17 11:05:59,662 chamfer:0.024701942531161574
2024-10-17 11:05:59,662 assd:0.23813993296547173
2024-10-17 11:05:59,662 hd:0.4282040977462505
2024-10-17 11:05:59,662 -------------------------------------
2024-10-17 11:06:57,315 epoch:91, loss:0.00395561741708323
2024-10-17 11:07:54,008 epoch:92, loss:0.003878752185237529
2024-10-17 11:08:50,694 epoch:93, loss:0.004008160806585883
2024-10-17 11:09:47,202 epoch:94, loss:0.003989143145465573
2024-10-17 11:10:44,339 epoch:95, loss:0.003937690644687432
2024-10-17 11:11:41,212 epoch:96, loss:0.003932373476387976
2024-10-17 11:12:37,892 epoch:97, loss:0.003943353982745172
2024-10-17 11:13:34,766 epoch:98, loss:0.003940549646612517
2024-10-17 11:14:32,352 epoch:99, loss:0.0038865732927914967
2024-10-17 11:15:29,434 epoch:100, loss:0.0039396255268975226
2024-10-17 11:15:29,435 ------------ validation ------------
2024-10-17 11:16:46,766 epoch:100
2024-10-17 11:16:46,768 chamfer:0.02403441737897083
2024-10-17 11:16:46,768 assd:0.23508331893632808
2024-10-17 11:16:46,768 hd:0.42345777377098176
2024-10-17 11:16:46,768 -------------------------------------
2024-10-17 11:17:44,810 epoch:101, loss:0.0038911491418582235
2024-10-17 11:18:42,558 epoch:102, loss:0.003877904886098275
2024-10-17 11:19:40,014 epoch:103, loss:0.0038768578378949314
2024-10-17 11:20:37,375 epoch:104, loss:0.00387878296423032
2024-10-17 11:21:34,694 epoch:105, loss:0.0038456012309409766
2024-10-17 11:22:32,775 epoch:106, loss:0.003941685672670733
2024-10-17 11:23:30,928 epoch:107, loss:0.0038336855684255444
2024-10-17 11:24:28,083 epoch:108, loss:0.0038473256728287007
2024-10-17 11:25:25,425 epoch:109, loss:0.0038941295507504757
2024-10-17 11:26:23,031 epoch:110, loss:0.003973356752688889
2024-10-17 11:26:23,032 ------------ validation ------------
2024-10-17 11:27:39,835 epoch:110
2024-10-17 11:27:39,835 chamfer:0.024928169978011283
2024-10-17 11:27:39,835 assd:0.24188105041199984
2024-10-17 11:27:39,835 hd:0.43611078047736856
2024-10-17 11:27:39,835 -------------------------------------
2024-10-17 11:28:37,225 epoch:111, loss:0.0038857263124407117
2024-10-17 11:29:34,389 epoch:112, loss:0.0038664638190692682
2024-10-17 11:30:31,290 epoch:113, loss:0.0037859861690247823
2024-10-17 11:31:28,068 epoch:114, loss:0.003833541040157163
2024-10-17 11:32:24,688 epoch:115, loss:0.0038228801933528726
2024-10-17 11:33:21,536 epoch:116, loss:0.0038405659318858283
2024-10-17 11:34:18,509 epoch:117, loss:0.003801285071287651
2024-10-17 11:35:15,641 epoch:118, loss:0.003809172845564696
2024-10-17 11:36:12,973 epoch:119, loss:0.0038952344269112707
2024-10-17 11:37:10,223 epoch:120, loss:0.0038324449086821703
2024-10-17 11:37:10,224 ------------ validation ------------
2024-10-17 11:38:27,362 epoch:120
2024-10-17 11:38:27,363 chamfer:0.025489778333091333
2024-10-17 11:38:27,363 assd:0.2446889190954001
2024-10-17 11:38:27,363 hd:0.4336323040964392
2024-10-17 11:38:27,363 -------------------------------------
2024-10-17 11:39:24,452 epoch:121, loss:0.0037864993061047306
2024-10-17 11:40:21,336 epoch:122, loss:0.0037663640342057185
2024-10-17 11:41:18,690 epoch:123, loss:0.0037807943312949395
2024-10-17 11:42:15,399 epoch:124, loss:0.003767597955397092
2024-10-17 11:43:11,261 epoch:125, loss:0.0037524110873143166
2024-10-17 11:44:07,371 epoch:126, loss:0.0037413711928989913
2024-10-17 11:45:03,606 epoch:127, loss:0.0038354993935912672
2024-10-17 11:46:00,076 epoch:128, loss:0.0037516456944759677
2024-10-17 11:46:57,860 epoch:129, loss:0.0037236648461467393
2024-10-17 11:47:54,844 epoch:130, loss:0.0037071925478305147
2024-10-17 11:47:54,844 ------------ validation ------------
2024-10-17 11:49:11,755 epoch:130
2024-10-17 11:49:11,759 chamfer:0.024312599786450544
2024-10-17 11:49:11,759 assd:0.23583867005072534
2024-10-17 11:49:11,759 hd:0.4242490171842898
2024-10-17 11:49:11,759 -------------------------------------
2024-10-17 11:50:08,280 epoch:131, loss:0.003741637101061209
2024-10-17 11:51:04,377 epoch:132, loss:0.003806760165769997
2024-10-17 11:52:00,680 epoch:133, loss:0.0037089662388140377
2024-10-17 11:52:57,314 epoch:134, loss:0.0037280211345628337
2024-10-17 11:53:54,622 epoch:135, loss:0.0037521767906498076
2024-10-17 11:54:51,485 epoch:136, loss:0.003740104586075515
2024-10-17 11:55:48,429 epoch:137, loss:0.0038126029445096675
2024-10-17 11:56:45,502 epoch:138, loss:0.0036758938682438847
2024-10-17 11:57:43,150 epoch:139, loss:0.0037562941488008513
2024-10-17 11:58:40,061 epoch:140, loss:0.003701832495375298
2024-10-17 11:58:40,062 ------------ validation ------------
2024-10-17 11:59:57,016 epoch:140
2024-10-17 11:59:57,017 chamfer:0.026465839747894886
2024-10-17 11:59:57,017 assd:0.25498097675153986
2024-10-17 11:59:57,017 hd:0.461179087869823
2024-10-17 11:59:57,017 -------------------------------------
2024-10-17 12:00:53,938 epoch:141, loss:0.0036908526536683704
2024-10-17 12:01:51,122 epoch:142, loss:0.003693527917697116
2024-10-17 12:02:48,249 epoch:143, loss:0.0036848988153885096
2024-10-17 12:03:45,350 epoch:144, loss:0.0037013206997788834
2024-10-17 12:04:42,399 epoch:145, loss:0.0037143180785743995
2024-10-17 12:05:38,894 epoch:146, loss:0.003727404259924972
2024-10-17 12:06:36,127 epoch:147, loss:0.0036730956405314594
2024-10-17 12:07:33,483 epoch:148, loss:0.0037406446631499672
2024-10-17 12:08:30,755 epoch:149, loss:0.003765109503441382
2024-10-17 12:09:27,455 epoch:150, loss:0.003685621401906923
2024-10-17 12:09:27,456 ------------ validation ------------
2024-10-17 12:10:44,300 epoch:150
2024-10-17 12:10:44,300 chamfer:0.023812862309569027
2024-10-17 12:10:44,301 assd:0.23369645035321204
2024-10-17 12:10:44,301 hd:0.41976010834332556
2024-10-17 12:10:44,301 -------------------------------------
2024-10-17 12:11:41,649 epoch:151, loss:0.0036282013326092775
2024-10-17 12:12:38,268 epoch:152, loss:0.0036745984005730945
2024-10-17 12:13:35,255 epoch:153, loss:0.0037099693869348874
2024-10-17 12:14:31,652 epoch:154, loss:0.0036747685280292793
2024-10-17 12:15:28,240 epoch:155, loss:0.003721137297594227
2024-10-17 12:16:24,847 epoch:156, loss:0.003694547337566524
2024-10-17 12:17:21,869 epoch:157, loss:0.003629347262091848
2024-10-17 12:18:18,631 epoch:158, loss:0.00360595639104695
2024-10-17 12:19:15,570 epoch:159, loss:0.003653268681752474
2024-10-17 12:20:12,524 epoch:160, loss:0.0036262639312257686
2024-10-17 12:20:12,524 ------------ validation ------------
2024-10-17 12:21:29,583 epoch:160
2024-10-17 12:21:29,584 chamfer:0.02433652715202091
2024-10-17 12:21:29,584 assd:0.23495517452829517
2024-10-17 12:21:29,584 hd:0.42227641921878484
2024-10-17 12:21:29,584 -------------------------------------
2024-10-17 12:22:27,323 epoch:161, loss:0.003622411452450378
2024-10-17 12:23:25,610 load dataset ...
2024-10-17 12:27:04,175 initalize model ...
2024-10-17 12:27:04,183 start training ...
2024-10-17 12:28:03,750 epoch:0, loss:0.024990671076053798
2024-10-17 12:28:03,750 ------------ validation ------------
2024-10-17 12:29:19,434 epoch:0
2024-10-17 12:29:19,435 chamfer:0.06774537253780484
2024-10-17 12:29:19,435 assd:0.4073052550666034
2024-10-17 12:29:19,435 hd:0.7840150006813928
2024-10-17 12:29:19,435 -------------------------------------
2024-10-17 12:30:17,705 epoch:1, loss:0.011239336998483469
2024-10-17 12:31:15,822 epoch:2, loss:0.009554748921546825
2024-10-17 12:32:13,488 epoch:3, loss:0.008547212230041623
2024-10-17 12:33:11,899 epoch:4, loss:0.007932495151180774
2024-10-17 12:34:09,174 epoch:5, loss:0.007716963703874065
2024-10-17 12:35:06,637 epoch:6, loss:0.0072331945669057585
2024-10-17 12:36:03,840 epoch:7, loss:0.007053795429000761
2024-10-17 12:37:01,246 epoch:8, loss:0.006916979288541561
2024-10-17 12:37:59,004 epoch:9, loss:0.0067249597970742815
2024-10-17 12:38:56,874 epoch:10, loss:0.006591266324353772
2024-10-17 12:38:56,875 ------------ validation ------------
2024-10-17 12:40:13,490 epoch:10
2024-10-17 12:40:13,497 chamfer:0.034866213316793924
2024-10-17 12:40:13,497 assd:0.28172105933966424
2024-10-17 12:40:13,497 hd:0.519035723603641
2024-10-17 12:40:13,497 -------------------------------------
2024-10-17 12:41:11,946 epoch:11, loss:0.00652021570077036
2024-10-17 12:42:09,156 epoch:12, loss:0.0063874138232190595
2024-10-17 12:43:07,110 epoch:13, loss:0.006277633193328024
2024-10-17 12:44:04,738 epoch:14, loss:0.006253224118006264
2024-10-17 12:45:02,520 epoch:15, loss:0.0061044060722599885
2024-10-17 12:46:00,163 epoch:16, loss:0.006116282870332429
2024-10-17 12:46:57,821 epoch:17, loss:0.005987261097098506
2024-10-17 12:47:55,112 epoch:18, loss:0.005919734428929122
2024-10-17 12:48:52,473 epoch:19, loss:0.005903803507884054
2024-10-17 12:49:50,245 epoch:20, loss:0.0058313587438152716
2024-10-17 12:49:50,245 ------------ validation ------------
2024-10-17 12:51:07,138 epoch:20
2024-10-17 12:51:07,140 chamfer:0.03118757895966458
2024-10-17 12:51:07,140 assd:0.26544880674919114
2024-10-17 12:51:07,140 hd:0.48470295732840896
2024-10-17 12:51:07,140 -------------------------------------
2024-10-17 12:52:04,787 epoch:21, loss:0.005795412908069963
2024-10-17 12:53:01,711 epoch:22, loss:0.005760674492786314
2024-10-17 12:53:58,408 epoch:23, loss:0.005731991213356513
2024-10-17 12:54:55,139 epoch:24, loss:0.005692280709153301
2024-10-17 12:55:52,112 epoch:25, loss:0.005626624852126508
2024-10-17 12:56:49,298 epoch:26, loss:0.005610378867903248
2024-10-17 12:57:46,409 epoch:27, loss:0.005574363071964187
2024-10-17 12:58:43,820 epoch:28, loss:0.005495591530424737
2024-10-17 12:59:41,538 epoch:29, loss:0.0054565625296374995
2024-10-17 13:00:38,763 epoch:30, loss:0.005479988470121266
2024-10-17 13:00:38,763 ------------ validation ------------
2024-10-17 13:01:55,436 epoch:30
2024-10-17 13:01:55,437 chamfer:0.029783192417198734
2024-10-17 13:01:55,437 assd:0.26429732170072384
2024-10-17 13:01:55,437 hd:0.47725277157345164
2024-10-17 13:01:55,437 -------------------------------------
2024-10-17 13:02:53,499 epoch:31, loss:0.005410622691648991
2024-10-17 13:03:51,521 epoch:32, loss:0.005400030236138941
2024-10-17 13:04:49,304 epoch:33, loss:0.005397859099862534
2024-10-17 13:05:46,537 epoch:34, loss:0.005361803810025544
2024-10-17 13:06:43,792 epoch:35, loss:0.005297565696013788
2024-10-17 13:07:41,486 epoch:36, loss:0.005320306582414264
2024-10-17 13:08:39,396 epoch:37, loss:0.0052554074994310045
2024-10-17 13:09:37,266 epoch:38, loss:0.005237046301603144
2024-10-17 13:10:34,906 epoch:39, loss:0.005218979932346143
2024-10-17 13:11:32,203 epoch:40, loss:0.005197206359129226
2024-10-17 13:11:32,203 ------------ validation ------------
2024-10-17 13:12:49,030 epoch:40
2024-10-17 13:12:49,032 chamfer:0.02827596445816501
2024-10-17 13:12:49,032 assd:0.25456239891354926
2024-10-17 13:12:49,032 hd:0.46472629862061393
2024-10-17 13:12:49,032 -------------------------------------
2024-10-17 13:13:45,981 epoch:41, loss:0.005195649611482093
2024-10-17 13:14:42,687 epoch:42, loss:0.00514463140279986
2024-10-17 13:15:39,311 epoch:43, loss:0.005115278106491449
2024-10-17 13:16:35,732 epoch:44, loss:0.005177194777832821
2024-10-17 13:17:33,116 epoch:45, loss:0.005119652193591951
2024-10-17 13:18:30,102 epoch:46, loss:0.005059469893282323
2024-10-17 13:19:27,823 epoch:47, loss:0.005073461990240355
2024-10-17 13:20:25,525 epoch:48, loss:0.0050502026779847865
2024-10-17 13:21:23,046 epoch:49, loss:0.005006547517083629
2024-10-17 13:22:20,465 epoch:50, loss:0.004998380741304826
2024-10-17 13:22:20,465 ------------ validation ------------
2024-10-17 13:23:37,343 epoch:50
2024-10-17 13:23:37,344 chamfer:0.028116672524447495
2024-10-17 13:23:37,344 assd:0.25551608244616847
2024-10-17 13:23:37,344 hd:0.46596620134854067
2024-10-17 13:23:37,344 -------------------------------------
2024-10-17 13:24:36,222 epoch:51, loss:0.005001360805012112
2024-10-17 13:25:33,484 epoch:52, loss:0.005022921163567104
2024-10-17 13:26:30,284 epoch:53, loss:0.004931546448524175
2024-10-17 13:27:27,421 epoch:54, loss:0.0049669037743601515
2024-10-17 13:28:23,288 epoch:55, loss:0.004902893079710085
2024-10-17 13:29:19,817 epoch:56, loss:0.0049293654589090755
2024-10-17 13:30:15,224 epoch:57, loss:0.0048951608051686695
2024-10-17 13:31:11,289 epoch:58, loss:0.004893126449450244
2024-10-17 13:32:07,249 epoch:59, loss:0.004879900513536318
2024-10-17 13:33:02,036 epoch:60, loss:0.004850727096497796
2024-10-17 13:33:02,036 ------------ validation ------------
2024-10-17 13:34:17,631 epoch:60
2024-10-17 13:34:17,631 chamfer:0.02661053493587436
2024-10-17 13:34:17,631 assd:0.24765469424892217
2024-10-17 13:34:17,632 hd:0.4502814505637313
2024-10-17 13:34:17,632 -------------------------------------
2024-10-17 13:35:12,358 epoch:61, loss:0.004874950110354612
2024-10-17 13:36:07,725 epoch:62, loss:0.004821154741749037
2024-10-17 13:37:03,549 epoch:63, loss:0.004809889639863138
2024-10-17 13:37:59,911 epoch:64, loss:0.004774051366460531
2024-10-17 13:38:56,290 epoch:65, loss:0.0048103287740242345
2024-10-17 13:39:51,512 epoch:66, loss:0.004756725645017659
2024-10-17 13:40:47,873 epoch:67, loss:0.0047606930013496945
2024-10-17 13:41:43,731 epoch:68, loss:0.004724231803773491
2024-10-17 13:42:39,882 epoch:69, loss:0.004746238478367368
2024-10-17 13:43:36,322 epoch:70, loss:0.004700529886555837
2024-10-17 13:43:36,322 ------------ validation ------------
2024-10-17 13:44:51,866 epoch:70
2024-10-17 13:44:51,866 chamfer:0.026805277457242482
2024-10-17 13:44:51,867 assd:0.2470576733079118
2024-10-17 13:44:51,867 hd:0.4481595300603658
2024-10-17 13:44:51,867 -------------------------------------
2024-10-17 13:45:49,150 epoch:71, loss:0.004719299485576664
2024-10-17 13:46:47,660 epoch:72, loss:0.0046858735535521235
2024-10-17 13:47:43,347 epoch:73, loss:0.004679530664742383
2024-10-17 13:48:39,167 epoch:74, loss:0.0047267484519262475
2024-10-17 13:49:34,928 epoch:75, loss:0.0046534595738955626
2024-10-17 13:50:31,460 epoch:76, loss:0.004633145781131028
2024-10-17 13:51:27,768 epoch:77, loss:0.004645026422939588
2024-10-17 13:52:25,066 epoch:78, loss:0.004638479361960361
2024-10-17 13:53:21,050 epoch:79, loss:0.004599545008183436
2024-10-17 13:54:19,411 epoch:80, loss:0.004616668274582818
2024-10-17 13:54:19,411 ------------ validation ------------
2024-10-17 13:55:34,878 epoch:80
2024-10-17 13:55:34,878 chamfer:0.025904013227773248
2024-10-17 13:55:34,878 assd:0.24415321240667254
2024-10-17 13:55:34,878 hd:0.44378232463107753
2024-10-17 13:55:34,878 -------------------------------------
2024-10-17 13:56:31,149 epoch:81, loss:0.004581256826451525
2024-10-17 13:57:27,440 epoch:82, loss:0.004555147652904135
2024-10-17 13:58:23,415 epoch:83, loss:0.004576009736791643
2024-10-17 13:59:21,565 epoch:84, loss:0.004575436699967615
2024-10-17 14:00:18,039 epoch:85, loss:0.0045866355080655665
2024-10-17 14:01:15,581 epoch:86, loss:0.0045279325953912165
2024-10-17 14:02:13,176 epoch:87, loss:0.004533026060143616
2024-10-17 14:03:08,907 epoch:88, loss:0.004526524267126914
2024-10-17 14:04:05,363 epoch:89, loss:0.004534397672233713
2024-10-17 14:05:02,335 epoch:90, loss:0.00450976585108397
2024-10-17 14:05:02,335 ------------ validation ------------
2024-10-17 14:06:18,261 epoch:90
2024-10-17 14:06:18,262 chamfer:0.025003243611839327
2024-10-17 14:06:18,262 assd:0.2402295014083696
2024-10-17 14:06:18,263 hd:0.43309624403870356
2024-10-17 14:06:18,263 -------------------------------------
2024-10-17 14:07:14,422 epoch:91, loss:0.00448226748537922
2024-10-17 14:08:09,473 epoch:92, loss:0.004480881407331719
2024-10-17 14:09:03,888 epoch:93, loss:0.004494796096222735
2024-10-17 14:09:59,812 epoch:94, loss:0.0044579904527825755
2024-10-17 14:10:57,085 epoch:95, loss:0.0045213070271677485
2024-10-17 14:11:51,463 epoch:96, loss:0.004444182558705337
2024-10-17 14:12:47,479 epoch:97, loss:0.0044211148965269936
2024-10-17 14:13:42,213 epoch:98, loss:0.004408182090332428
2024-10-17 14:14:04,481 load dataset ...
2024-10-17 14:17:27,854 initalize model ...
2024-10-17 14:17:27,862 start training ...
2024-10-17 14:21:07,625 load dataset ...
2024-10-17 14:24:20,661 initalize model ...
2024-10-17 14:24:20,699 start training ...
2024-10-17 14:25:25,136 epoch:0, loss:0.015979980272890697
2024-10-17 14:25:25,136 ------------ validation ------------
2024-10-17 14:26:39,263 epoch:0
2024-10-17 14:26:39,263 chamfer:0.06701895972582861
2024-10-17 14:26:39,263 assd:0.39570589118132676
2024-10-17 14:26:39,264 hd:0.7806950413699573
2024-10-17 14:26:39,264 -------------------------------------
2024-10-17 14:27:43,386 epoch:1, loss:0.011127236996355011
2024-10-17 14:28:47,160 epoch:2, loss:0.009581293933754138
2024-10-17 14:29:51,129 epoch:3, loss:0.008519800136212346
2024-10-17 14:30:55,161 epoch:4, loss:0.007874997237935489
2024-10-17 14:31:59,264 epoch:5, loss:0.007530625755248895
2024-10-17 14:33:03,371 epoch:6, loss:0.007246790789500918
2024-10-17 14:34:07,611 epoch:7, loss:0.0069874041933068185
2024-10-17 14:35:11,805 epoch:8, loss:0.00682982255509773
2024-10-17 14:36:16,066 epoch:9, loss:0.006690075667033535
2024-10-17 14:37:20,324 epoch:10, loss:0.006604504293686342
2024-10-17 14:37:20,324 ------------ validation ------------
2024-10-17 14:38:36,758 epoch:10
2024-10-17 14:38:36,759 chamfer:0.03624331247920054
2024-10-17 14:38:36,759 assd:0.28436704572717036
2024-10-17 14:38:36,759 hd:0.5290887871524319
2024-10-17 14:38:36,759 -------------------------------------
2024-10-17 14:39:41,377 epoch:11, loss:0.006484417056632336
2024-10-17 14:40:45,624 epoch:12, loss:0.006373915665642207
2024-10-17 14:41:49,814 epoch:13, loss:0.006264068082050788
2024-10-17 14:42:54,026 epoch:14, loss:0.006179716742630009
2024-10-17 14:43:58,169 epoch:15, loss:0.006098879793615535
2024-10-17 14:45:02,335 epoch:16, loss:0.006068529031878381
2024-10-17 14:46:06,535 epoch:17, loss:0.006021838503900569
2024-10-17 14:47:10,655 epoch:18, loss:0.0059506061438167855
2024-10-17 14:48:14,785 epoch:19, loss:0.005837430146003012
2024-10-17 14:49:18,964 epoch:20, loss:0.005826733085911634
2024-10-17 14:49:18,965 ------------ validation ------------
2024-10-17 14:50:35,276 epoch:20
2024-10-17 14:50:35,278 chamfer:0.03162786098679741
2024-10-17 14:50:35,278 assd:0.2654990501469001
2024-10-17 14:50:35,278 hd:0.4885538578188668
2024-10-17 14:50:35,278 -------------------------------------
2024-10-17 14:51:39,801 epoch:21, loss:0.005769805881183941
2024-10-17 14:52:43,959 epoch:22, loss:0.005753829124313238
2024-10-17 14:53:48,637 epoch:23, loss:0.005656170094288279
2024-10-17 14:54:52,901 epoch:24, loss:0.005604852600088126
2024-10-17 14:55:57,088 epoch:25, loss:0.005548513837586438
2024-10-17 14:57:01,352 epoch:26, loss:0.005529552389499407
2024-10-17 14:58:05,578 epoch:27, loss:0.0055035201441442465
2024-10-17 14:59:09,876 epoch:28, loss:0.005437558833617977
2024-10-17 15:00:14,063 epoch:29, loss:0.005406202611020702
2024-10-17 15:01:18,273 epoch:30, loss:0.005414031574578392
2024-10-17 15:01:18,273 ------------ validation ------------
2024-10-17 15:02:34,785 epoch:30
2024-10-17 15:02:34,792 chamfer:0.030796343670166
2024-10-17 15:02:34,793 assd:0.26522720606105094
2024-10-17 15:02:34,793 hd:0.4906828912983959
2024-10-17 15:02:34,793 -------------------------------------
2024-10-17 15:03:39,208 epoch:31, loss:0.005346724540834466
2024-10-17 15:04:43,405 epoch:32, loss:0.005329817580194537
2024-10-17 15:05:47,622 epoch:33, loss:0.0053973214235156775
2024-10-17 15:06:51,869 epoch:34, loss:0.005266327262033037
2024-10-17 15:07:56,220 epoch:35, loss:0.005204058773436605
2024-10-17 15:09:00,599 epoch:36, loss:0.005204691417612742
2024-10-17 15:10:04,962 epoch:37, loss:0.005157904697414271
2024-10-17 15:11:09,274 epoch:38, loss:0.005189022297705632
2024-10-17 15:12:13,757 epoch:39, loss:0.005146841662069566
2024-10-17 15:13:18,225 epoch:40, loss:0.0050615262426977415
2024-10-17 15:13:18,225 ------------ validation ------------
2024-10-17 15:14:34,654 epoch:40
2024-10-17 15:14:34,654 chamfer:0.02746298756998537
2024-10-17 15:14:34,654 assd:0.25110598750567686
2024-10-17 15:14:34,654 hd:0.45656505584095913
2024-10-17 15:14:34,654 -------------------------------------
2024-10-17 15:15:39,736 epoch:41, loss:0.005063098281362029
2024-10-17 15:16:44,079 epoch:42, loss:0.005056011998148765
2024-10-17 15:17:48,778 epoch:43, loss:0.005039985637521631
2024-10-17 15:18:53,017 epoch:44, loss:0.005000814063160486
2024-10-17 15:19:57,264 epoch:45, loss:0.004979111619028371
2024-10-17 15:21:01,662 epoch:46, loss:0.0049336472455802005
2024-10-17 15:22:05,983 epoch:47, loss:0.0049537369517100496
2024-10-17 15:23:10,129 epoch:48, loss:0.004925938834826094
2024-10-17 15:24:14,379 epoch:49, loss:0.004898193246971946
2024-10-17 15:25:18,666 epoch:50, loss:0.004859381932007192
2024-10-17 15:25:18,666 ------------ validation ------------
2024-10-17 15:26:35,058 epoch:50
2024-10-17 15:26:35,061 chamfer:0.02689421508724384
2024-10-17 15:26:35,061 assd:0.24961916593989977
2024-10-17 15:26:35,061 hd:0.4549952776869759
2024-10-17 15:26:35,061 -------------------------------------
2024-10-17 15:27:39,585 epoch:51, loss:0.004844302004257347
2024-10-17 15:28:43,791 epoch:52, loss:0.004823037230972807
2024-10-17 15:29:47,912 epoch:53, loss:0.004809225791642919
2024-10-17 15:30:52,119 epoch:54, loss:0.004805793357623178
2024-10-17 15:31:56,397 epoch:55, loss:0.004788681376064846
2024-10-17 15:33:00,694 epoch:56, loss:0.004719700642623181
2024-10-17 15:34:04,871 epoch:57, loss:0.004724690271676843
2024-10-17 15:35:09,169 epoch:58, loss:0.004692444798460794
2024-10-17 15:36:13,360 epoch:59, loss:0.004685104379246315
2024-10-17 15:37:17,552 epoch:60, loss:0.004684052473410617
2024-10-17 15:37:17,553 ------------ validation ------------
2024-10-17 15:38:33,778 epoch:60
2024-10-17 15:38:33,780 chamfer:0.02596979235628775
2024-10-17 15:38:33,780 assd:0.24324938882879601
2024-10-17 15:38:33,780 hd:0.44265342779302347
2024-10-17 15:38:33,780 -------------------------------------
2024-10-17 15:39:38,536 epoch:61, loss:0.004662840207497221
2024-10-17 15:40:42,629 epoch:62, loss:0.004624927976184936
2024-10-17 15:41:47,730 epoch:63, loss:0.0045897206393081345
2024-10-17 15:42:52,208 epoch:64, loss:0.004586639837091139
2024-10-17 15:43:56,488 epoch:65, loss:0.004574445176458116
2024-10-17 15:45:00,782 epoch:66, loss:0.004544917861579073
2024-10-17 15:46:05,029 epoch:67, loss:0.004511958785452555
2024-10-17 15:47:09,220 epoch:68, loss:0.00451533007300134
2024-10-17 15:48:13,385 epoch:69, loss:0.004495570260143384
2024-10-17 15:49:17,494 epoch:70, loss:0.004479505167055745
2024-10-17 15:49:17,494 ------------ validation ------------
2024-10-17 15:50:33,750 epoch:70
2024-10-17 15:50:33,755 chamfer:0.026153995046721928
2024-10-17 15:50:33,755 assd:0.2444686940483128
2024-10-17 15:50:33,755 hd:0.4423627979122102
2024-10-17 15:50:33,756 -------------------------------------
2024-10-17 15:51:38,257 epoch:71, loss:0.004483287626076056
2024-10-17 15:52:42,380 epoch:72, loss:0.004458460931769074
2024-10-17 15:53:46,553 epoch:73, loss:0.004392692903165034
2024-10-17 15:54:50,747 epoch:74, loss:0.004421914149303163
2024-10-17 15:55:54,969 epoch:75, loss:0.004394073489387412
2024-10-17 15:56:59,367 epoch:76, loss:0.004400729016958585
2024-10-17 15:58:03,667 epoch:77, loss:0.004355681316959564
2024-10-17 15:59:07,877 epoch:78, loss:0.004369457284134791
2024-10-17 16:00:12,107 epoch:79, loss:0.004368685192000771
2024-10-17 16:01:16,457 epoch:80, loss:0.004344765715528453
2024-10-17 16:01:16,457 ------------ validation ------------
2024-10-17 16:02:32,669 epoch:80
2024-10-17 16:02:32,670 chamfer:0.024477332885908254
2024-10-17 16:02:32,670 assd:0.2374953415710479
2024-10-17 16:02:32,670 hd:0.4267130871691431
2024-10-17 16:02:32,670 -------------------------------------
2024-10-17 16:03:37,436 epoch:81, loss:0.004304887230107344
2024-10-17 16:04:42,034 epoch:82, loss:0.004328795145590638
2024-10-17 16:05:46,225 epoch:83, loss:0.004277461900803542
2024-10-17 16:06:50,546 epoch:84, loss:0.004272652620742054
2024-10-17 16:07:55,380 epoch:85, loss:0.004272227237802432
2024-10-17 16:09:00,087 epoch:86, loss:0.004229693603837256
2024-10-17 16:10:04,566 epoch:87, loss:0.004219713442834354
2024-10-17 16:11:08,816 epoch:88, loss:0.00424455126698757
2024-10-17 16:12:12,999 epoch:89, loss:0.004196825722194558
2024-10-17 16:13:17,266 epoch:90, loss:0.00421490432724335
2024-10-17 16:13:17,266 ------------ validation ------------
2024-10-17 16:14:33,693 epoch:90
2024-10-17 16:14:33,694 chamfer:0.024145344165541854
2024-10-17 16:14:33,694 assd:0.2363352214160841
2024-10-17 16:14:33,694 hd:0.4276575321758476
2024-10-17 16:14:33,694 -------------------------------------
2024-10-17 16:15:38,327 epoch:91, loss:0.004173073378191222
2024-10-17 16:16:42,522 epoch:92, loss:0.00415787176191157
2024-10-17 16:17:46,782 epoch:93, loss:0.004164937807133335
2024-10-17 16:18:50,940 epoch:94, loss:0.004182104186458123
2024-10-17 16:19:55,158 epoch:95, loss:0.004140876554396697
2024-10-17 16:20:59,375 epoch:96, loss:0.004135859451327083
2024-10-17 16:22:03,746 epoch:97, loss:0.004122204319871745
2024-10-17 16:23:08,360 epoch:98, loss:0.004108647076781232
2024-10-17 16:24:12,610 epoch:99, loss:0.004090914456715244
2024-10-17 16:25:16,924 epoch:100, loss:0.004089446786417475
2024-10-17 16:25:16,924 ------------ validation ------------
2024-10-17 16:26:33,370 epoch:100
2024-10-17 16:26:33,370 chamfer:0.02383887514649056
2024-10-17 16:26:33,370 assd:0.23412347582052462
2024-10-17 16:26:33,371 hd:0.42070546818043414
2024-10-17 16:26:33,371 -------------------------------------
2024-10-17 16:27:37,837 epoch:101, loss:0.004083585685801281
2024-10-17 16:28:42,626 epoch:102, loss:0.004086311310962882
2024-10-17 16:29:48,419 epoch:103, loss:0.004055377123687893
2024-10-17 16:30:52,768 epoch:104, loss:0.004080247387105902
2024-10-17 16:31:57,092 epoch:105, loss:0.004070520145158002
2024-10-17 16:33:01,376 epoch:106, loss:0.004026774141726322
2024-10-17 16:34:05,681 epoch:107, loss:0.004027483702588523
2024-10-17 16:35:10,051 epoch:108, loss:0.004004051489890878
2024-10-17 16:36:14,209 epoch:109, loss:0.004033183864436957
2024-10-17 16:37:19,284 epoch:110, loss:0.003998691557911983
2024-10-17 16:37:19,284 ------------ validation ------------
2024-10-17 16:38:35,604 epoch:110
2024-10-17 16:38:35,609 chamfer:0.023373295486332307
2024-10-17 16:38:35,609 assd:0.23147695076962313
2024-10-17 16:38:35,609 hd:0.41614113870309666
2024-10-17 16:38:35,609 -------------------------------------
2024-10-17 16:39:40,232 epoch:111, loss:0.003996275937276741
2024-10-17 16:40:44,447 epoch:112, loss:0.003980287894888153
2024-10-17 16:41:48,638 epoch:113, loss:0.003993255162725312
2024-10-17 16:42:52,757 epoch:114, loss:0.0039812907262510334
2024-10-17 16:43:56,955 epoch:115, loss:0.003958407524826958
2024-10-17 16:45:01,134 epoch:116, loss:0.0039431418530469714
2024-10-17 16:46:05,410 epoch:117, loss:0.003936114017770431
2024-10-17 16:47:09,696 epoch:118, loss:0.003924150738004205
2024-10-17 16:48:13,918 epoch:119, loss:0.003920363992598818
2024-10-17 16:49:18,257 epoch:120, loss:0.003915721136361881
2024-10-17 16:49:18,258 ------------ validation ------------
2024-10-17 16:50:34,594 epoch:120
2024-10-17 16:50:34,594 chamfer:0.024093515624675394
2024-10-17 16:50:34,594 assd:0.2366665755592597
2024-10-17 16:50:34,595 hd:0.42880336307765293
2024-10-17 16:50:34,595 -------------------------------------
2024-10-17 16:51:39,172 epoch:121, loss:0.003915865988833396
2024-10-17 16:52:43,383 epoch:122, loss:0.003878243838106607
2024-10-17 16:53:47,685 epoch:123, loss:0.0038881744637132383
2024-10-17 16:54:51,937 epoch:124, loss:0.003890694444592999
2024-10-17 16:55:56,102 epoch:125, loss:0.003877625734339533
2024-10-17 16:57:00,373 epoch:126, loss:0.003880040513671025
2024-10-17 16:58:04,682 epoch:127, loss:0.003832306762951491
2024-10-17 16:59:08,909 epoch:128, loss:0.0038832024939163307
2024-10-17 17:00:13,083 epoch:129, loss:0.003832968133285122
2024-10-17 17:01:17,186 epoch:130, loss:0.0038426937366196844
2024-10-17 17:01:17,186 ------------ validation ------------
2024-10-17 17:02:33,582 epoch:130
2024-10-17 17:02:33,583 chamfer:0.024172225683590415
2024-10-17 17:02:33,583 assd:0.2376806204362462
2024-10-17 17:02:33,583 hd:0.4308968632055136
2024-10-17 17:02:33,583 -------------------------------------
2024-10-17 17:03:38,276 epoch:131, loss:0.0038419653936343397
2024-10-17 17:04:42,452 epoch:132, loss:0.0038243426736931556
2024-10-17 17:05:46,540 epoch:133, loss:0.003825306052444936
2024-10-17 17:06:50,738 epoch:134, loss:0.0038027537013349925
2024-10-17 17:07:55,010 epoch:135, loss:0.0038099063399280315
2024-10-17 17:08:59,159 epoch:136, loss:0.0038160618819664555
2024-10-17 17:10:03,415 epoch:137, loss:0.0037951472893541375
2024-10-17 17:11:08,151 epoch:138, loss:0.0037953428758936395
2024-10-17 17:12:14,279 epoch:139, loss:0.0037694235100833224
2024-10-17 17:13:20,278 epoch:140, loss:0.003799111917371277
2024-10-17 17:13:20,278 ------------ validation ------------
2024-10-17 17:14:36,847 epoch:140
2024-10-17 17:14:36,848 chamfer:0.02331377118025557
2024-10-17 17:14:36,848 assd:0.2329262140847277
2024-10-17 17:14:36,848 hd:0.41942935010107857
2024-10-17 17:14:36,848 -------------------------------------
2024-10-17 17:15:41,506 epoch:141, loss:0.0037516264669965344
2024-10-17 17:16:45,688 epoch:142, loss:0.003752160376766263
2024-10-17 17:17:49,976 epoch:143, loss:0.0037288958671080424
2024-10-17 17:18:54,145 epoch:144, loss:0.003738234639925839
2024-10-17 17:19:58,392 epoch:145, loss:0.003732756870598424
2024-10-17 17:21:02,602 epoch:146, loss:0.003749043305085019
2024-10-17 17:22:06,805 epoch:147, loss:0.0037318851871870804
2024-10-17 17:23:10,975 epoch:148, loss:0.0037294069398465285
2024-10-17 17:24:15,180 epoch:149, loss:0.0037154028947508438
2024-10-17 17:25:19,204 epoch:150, loss:0.0037442198893607617
2024-10-17 17:25:19,204 ------------ validation ------------
2024-10-17 17:26:35,510 epoch:150
2024-10-17 17:26:35,511 chamfer:0.02274692015665399
2024-10-17 17:26:35,511 assd:0.22996149928076193
2024-10-17 17:26:35,511 hd:0.4118741422037904
2024-10-17 17:26:35,511 -------------------------------------
2024-10-17 17:27:40,031 epoch:151, loss:0.0037171054525885643
2024-10-17 17:28:44,668 epoch:152, loss:0.00372295392011184
2024-10-17 17:29:49,200 epoch:153, loss:0.003701751642226956
2024-10-17 17:30:53,456 epoch:154, loss:0.0036835272249570766
2024-10-17 17:31:57,865 epoch:155, loss:0.0036705429408547662
2024-10-17 17:33:02,281 epoch:156, loss:0.003688795225380725
2024-10-17 17:34:06,692 epoch:157, loss:0.003661553653601427
2024-10-17 17:35:10,942 epoch:158, loss:0.0036717164113597815
2024-10-17 17:36:14,994 epoch:159, loss:0.0036795030518564894
2024-10-17 17:37:19,865 epoch:160, loss:0.0036755366464751925
2024-10-17 17:37:19,865 ------------ validation ------------
2024-10-17 17:38:35,140 epoch:160
2024-10-17 17:38:35,151 chamfer:0.02253134467385583
2024-10-17 17:38:35,152 assd:0.2287586673143475
2024-10-17 17:38:35,152 hd:0.40926211659098044
2024-10-17 17:38:35,152 -------------------------------------
2024-10-17 17:39:40,531 epoch:161, loss:0.003653543078757519
2024-10-17 17:40:45,902 epoch:162, loss:0.0036290458783908033
2024-10-17 17:41:50,525 epoch:163, loss:0.003682073375594607
2024-10-17 17:42:55,390 epoch:164, loss:0.0036569114972100874
2024-10-17 17:43:59,641 epoch:165, loss:0.003640142237621381
2024-10-17 17:45:04,063 epoch:166, loss:0.0036351575772007277
2024-10-17 17:46:08,932 epoch:167, loss:0.0036401203312358796
2024-10-17 17:47:14,059 epoch:168, loss:0.003637239310570971
2024-10-17 17:48:19,439 epoch:169, loss:0.0036063287474843134
2024-10-17 17:49:23,651 epoch:170, loss:0.0036089524029764932
2024-10-17 17:49:23,651 ------------ validation ------------
2024-10-17 17:50:38,867 epoch:170
2024-10-17 17:50:38,868 chamfer:0.023711417384220113
2024-10-17 17:50:38,868 assd:0.23313625788432546
2024-10-17 17:50:38,868 hd:0.4186722425705132
2024-10-17 17:50:38,868 -------------------------------------
2024-10-17 17:51:43,462 epoch:171, loss:0.003610535599237178
2024-10-17 17:52:47,773 epoch:172, loss:0.003609836973970063
2024-10-17 17:53:52,041 epoch:173, loss:0.0036182500175633574
2024-10-17 17:54:56,225 epoch:174, loss:0.003586394346838947
2024-10-17 17:56:01,049 epoch:175, loss:0.0035670906722242404
2024-10-17 17:57:06,513 epoch:176, loss:0.003572871420548709
2024-10-17 17:58:10,788 epoch:177, loss:0.0036042623734913854
2024-10-17 17:59:14,960 epoch:178, loss:0.003578895779440266
2024-10-17 18:00:19,129 epoch:179, loss:0.003590099543311395
2024-10-17 18:01:23,237 epoch:180, loss:0.003587274534660283
2024-10-17 18:01:23,237 ------------ validation ------------
2024-10-17 18:02:38,478 epoch:180
2024-10-17 18:02:38,478 chamfer:0.023037471692077816
2024-10-17 18:02:38,479 assd:0.23190763483095603
2024-10-17 18:02:38,479 hd:0.41849009139696136
2024-10-17 18:02:38,479 -------------------------------------
2024-10-17 18:03:42,898 epoch:181, loss:0.0035636508289107315
2024-10-17 18:04:48,022 epoch:182, loss:0.0035563713937272253
2024-10-17 18:05:52,775 epoch:183, loss:0.0035878515505870846
2024-10-17 18:06:57,457 epoch:184, loss:0.0035501182090144517
2024-10-17 18:08:02,425 epoch:185, loss:0.003549429324054874
2024-10-17 18:09:07,078 epoch:186, loss:0.0035783522024609928
2024-10-17 18:10:11,581 epoch:187, loss:0.0035392648863963524
2024-10-17 18:11:15,918 epoch:188, loss:0.0035473614725349254
2024-10-17 18:12:20,377 epoch:189, loss:0.0035596708415162773
2024-10-17 18:13:24,834 epoch:190, loss:0.0035708302288142923
2024-10-17 18:13:24,834 ------------ validation ------------
2024-10-17 18:14:40,045 epoch:190
2024-10-17 18:14:40,046 chamfer:0.024075058793944965
2024-10-17 18:14:40,046 assd:0.2364646306280823
2024-10-17 18:14:40,046 hd:0.42670257001494366
2024-10-17 18:14:40,046 -------------------------------------
2024-10-17 18:15:44,873 epoch:191, loss:0.003545372340784863
2024-10-17 18:16:49,383 epoch:192, loss:0.003519985725328889
2024-10-17 18:17:54,707 epoch:193, loss:0.0035213472363593186
2024-10-17 18:19:00,292 epoch:194, loss:0.003511060413032727
2024-10-17 18:20:04,831 epoch:195, loss:0.003510594755806419
2024-10-17 18:21:09,854 epoch:196, loss:0.003496939456496431
2024-10-17 18:22:14,921 epoch:197, loss:0.0034795939925040095
2024-10-17 18:23:19,306 epoch:198, loss:0.0035193878602301485
2024-10-17 18:24:23,894 epoch:199, loss:0.003493540608297037
2024-10-17 18:25:28,299 epoch:200, loss:0.0035022109121539045
2024-10-17 18:25:28,299 ------------ validation ------------
2024-10-17 18:26:43,522 epoch:200
2024-10-17 18:26:43,523 chamfer:0.022756323498166846
2024-10-17 18:26:43,523 assd:0.22940917842788622
2024-10-17 18:26:43,523 hd:0.41198314041442546
2024-10-17 18:26:43,523 -------------------------------------
